[2025-03-12T08:56:29.874+0000] {processor.py:186} INFO - Started process (PID=194) to work on /opt/airflow/dags/src/extract.py
[2025-03-12T08:56:29.876+0000] {processor.py:914} INFO - Processing file /opt/airflow/dags/src/extract.py for tasks to queue
[2025-03-12T08:56:29.879+0000] {logging_mixin.py:190} INFO - [2025-03-12T08:56:29.879+0000] {dagbag.py:588} INFO - Filling up the DagBag from /opt/airflow/dags/src/extract.py
[2025-03-12T08:56:30.112+0000] {processor.py:927} WARNING - No viable dags retrieved from /opt/airflow/dags/src/extract.py
[2025-03-12T08:56:30.122+0000] {processor.py:208} INFO - Processing /opt/airflow/dags/src/extract.py took 0.257 seconds
[2025-03-12T08:57:00.342+0000] {processor.py:186} INFO - Started process (PID=198) to work on /opt/airflow/dags/src/extract.py
[2025-03-12T08:57:00.344+0000] {processor.py:914} INFO - Processing file /opt/airflow/dags/src/extract.py for tasks to queue
[2025-03-12T08:57:00.348+0000] {logging_mixin.py:190} INFO - [2025-03-12T08:57:00.347+0000] {dagbag.py:588} INFO - Filling up the DagBag from /opt/airflow/dags/src/extract.py
[2025-03-12T08:57:00.533+0000] {processor.py:927} WARNING - No viable dags retrieved from /opt/airflow/dags/src/extract.py
[2025-03-12T08:57:00.543+0000] {processor.py:208} INFO - Processing /opt/airflow/dags/src/extract.py took 0.208 seconds
[2025-03-12T08:57:31.419+0000] {processor.py:186} INFO - Started process (PID=239) to work on /opt/airflow/dags/src/extract.py
[2025-03-12T08:57:31.420+0000] {processor.py:914} INFO - Processing file /opt/airflow/dags/src/extract.py for tasks to queue
[2025-03-12T08:57:31.424+0000] {logging_mixin.py:190} INFO - [2025-03-12T08:57:31.424+0000] {dagbag.py:588} INFO - Filling up the DagBag from /opt/airflow/dags/src/extract.py
[2025-03-12T08:57:31.622+0000] {processor.py:927} WARNING - No viable dags retrieved from /opt/airflow/dags/src/extract.py
[2025-03-12T08:57:31.635+0000] {processor.py:208} INFO - Processing /opt/airflow/dags/src/extract.py took 0.224 seconds
[2025-03-12T08:58:02.184+0000] {processor.py:186} INFO - Started process (PID=243) to work on /opt/airflow/dags/src/extract.py
[2025-03-12T08:58:02.186+0000] {processor.py:914} INFO - Processing file /opt/airflow/dags/src/extract.py for tasks to queue
[2025-03-12T08:58:02.190+0000] {logging_mixin.py:190} INFO - [2025-03-12T08:58:02.189+0000] {dagbag.py:588} INFO - Filling up the DagBag from /opt/airflow/dags/src/extract.py
[2025-03-12T08:58:02.387+0000] {processor.py:927} WARNING - No viable dags retrieved from /opt/airflow/dags/src/extract.py
[2025-03-12T08:58:02.401+0000] {processor.py:208} INFO - Processing /opt/airflow/dags/src/extract.py took 0.222 seconds
[2025-03-12T08:58:33.538+0000] {processor.py:186} INFO - Started process (PID=247) to work on /opt/airflow/dags/src/extract.py
[2025-03-12T08:58:33.540+0000] {processor.py:914} INFO - Processing file /opt/airflow/dags/src/extract.py for tasks to queue
[2025-03-12T08:58:33.543+0000] {logging_mixin.py:190} INFO - [2025-03-12T08:58:33.542+0000] {dagbag.py:588} INFO - Filling up the DagBag from /opt/airflow/dags/src/extract.py
[2025-03-12T08:58:33.723+0000] {processor.py:927} WARNING - No viable dags retrieved from /opt/airflow/dags/src/extract.py
[2025-03-12T08:58:33.732+0000] {processor.py:208} INFO - Processing /opt/airflow/dags/src/extract.py took 0.202 seconds
[2025-03-12T08:59:04.073+0000] {processor.py:186} INFO - Started process (PID=288) to work on /opt/airflow/dags/src/extract.py
[2025-03-12T08:59:04.075+0000] {processor.py:914} INFO - Processing file /opt/airflow/dags/src/extract.py for tasks to queue
[2025-03-12T08:59:04.078+0000] {logging_mixin.py:190} INFO - [2025-03-12T08:59:04.077+0000] {dagbag.py:588} INFO - Filling up the DagBag from /opt/airflow/dags/src/extract.py
[2025-03-12T08:59:04.385+0000] {processor.py:927} WARNING - No viable dags retrieved from /opt/airflow/dags/src/extract.py
[2025-03-12T08:59:04.395+0000] {processor.py:208} INFO - Processing /opt/airflow/dags/src/extract.py took 0.330 seconds
[2025-03-12T08:59:34.581+0000] {processor.py:186} INFO - Started process (PID=292) to work on /opt/airflow/dags/src/extract.py
[2025-03-12T08:59:34.582+0000] {processor.py:914} INFO - Processing file /opt/airflow/dags/src/extract.py for tasks to queue
[2025-03-12T08:59:34.584+0000] {logging_mixin.py:190} INFO - [2025-03-12T08:59:34.584+0000] {dagbag.py:588} INFO - Filling up the DagBag from /opt/airflow/dags/src/extract.py
[2025-03-12T08:59:34.934+0000] {processor.py:927} WARNING - No viable dags retrieved from /opt/airflow/dags/src/extract.py
[2025-03-12T08:59:34.942+0000] {processor.py:208} INFO - Processing /opt/airflow/dags/src/extract.py took 0.368 seconds
[2025-03-12T09:00:05.118+0000] {processor.py:186} INFO - Started process (PID=296) to work on /opt/airflow/dags/src/extract.py
[2025-03-12T09:00:05.120+0000] {processor.py:914} INFO - Processing file /opt/airflow/dags/src/extract.py for tasks to queue
[2025-03-12T09:00:05.123+0000] {logging_mixin.py:190} INFO - [2025-03-12T09:00:05.122+0000] {dagbag.py:588} INFO - Filling up the DagBag from /opt/airflow/dags/src/extract.py
[2025-03-12T09:00:05.443+0000] {processor.py:927} WARNING - No viable dags retrieved from /opt/airflow/dags/src/extract.py
[2025-03-12T09:00:05.454+0000] {processor.py:208} INFO - Processing /opt/airflow/dags/src/extract.py took 0.341 seconds
[2025-03-12T09:00:35.583+0000] {processor.py:186} INFO - Started process (PID=338) to work on /opt/airflow/dags/src/extract.py
[2025-03-12T09:00:35.584+0000] {processor.py:914} INFO - Processing file /opt/airflow/dags/src/extract.py for tasks to queue
[2025-03-12T09:00:35.587+0000] {logging_mixin.py:190} INFO - [2025-03-12T09:00:35.586+0000] {dagbag.py:588} INFO - Filling up the DagBag from /opt/airflow/dags/src/extract.py
[2025-03-12T09:00:35.921+0000] {processor.py:927} WARNING - No viable dags retrieved from /opt/airflow/dags/src/extract.py
[2025-03-12T09:00:35.970+0000] {processor.py:208} INFO - Processing /opt/airflow/dags/src/extract.py took 0.391 seconds
[2025-03-12T09:01:06.209+0000] {processor.py:186} INFO - Started process (PID=342) to work on /opt/airflow/dags/src/extract.py
[2025-03-12T09:01:06.211+0000] {processor.py:914} INFO - Processing file /opt/airflow/dags/src/extract.py for tasks to queue
[2025-03-12T09:01:06.214+0000] {logging_mixin.py:190} INFO - [2025-03-12T09:01:06.213+0000] {dagbag.py:588} INFO - Filling up the DagBag from /opt/airflow/dags/src/extract.py
[2025-03-12T09:01:06.508+0000] {processor.py:927} WARNING - No viable dags retrieved from /opt/airflow/dags/src/extract.py
[2025-03-12T09:01:06.514+0000] {processor.py:208} INFO - Processing /opt/airflow/dags/src/extract.py took 0.310 seconds
[2025-03-12T09:01:36.727+0000] {processor.py:186} INFO - Started process (PID=352) to work on /opt/airflow/dags/src/extract.py
[2025-03-12T09:01:36.729+0000] {processor.py:914} INFO - Processing file /opt/airflow/dags/src/extract.py for tasks to queue
[2025-03-12T09:01:36.733+0000] {logging_mixin.py:190} INFO - [2025-03-12T09:01:36.732+0000] {dagbag.py:588} INFO - Filling up the DagBag from /opt/airflow/dags/src/extract.py
[2025-03-12T09:01:36.887+0000] {processor.py:927} WARNING - No viable dags retrieved from /opt/airflow/dags/src/extract.py
[2025-03-12T09:01:36.895+0000] {processor.py:208} INFO - Processing /opt/airflow/dags/src/extract.py took 0.177 seconds
[2025-03-12T09:02:07.149+0000] {processor.py:186} INFO - Started process (PID=356) to work on /opt/airflow/dags/src/extract.py
[2025-03-12T09:02:07.150+0000] {processor.py:914} INFO - Processing file /opt/airflow/dags/src/extract.py for tasks to queue
[2025-03-12T09:02:07.152+0000] {logging_mixin.py:190} INFO - [2025-03-12T09:02:07.152+0000] {dagbag.py:588} INFO - Filling up the DagBag from /opt/airflow/dags/src/extract.py
[2025-03-12T09:02:07.445+0000] {processor.py:927} WARNING - No viable dags retrieved from /opt/airflow/dags/src/extract.py
[2025-03-12T09:02:07.454+0000] {processor.py:208} INFO - Processing /opt/airflow/dags/src/extract.py took 0.311 seconds
[2025-03-12T09:02:37.694+0000] {processor.py:186} INFO - Started process (PID=366) to work on /opt/airflow/dags/src/extract.py
[2025-03-12T09:02:37.696+0000] {processor.py:914} INFO - Processing file /opt/airflow/dags/src/extract.py for tasks to queue
[2025-03-12T09:02:37.699+0000] {logging_mixin.py:190} INFO - [2025-03-12T09:02:37.698+0000] {dagbag.py:588} INFO - Filling up the DagBag from /opt/airflow/dags/src/extract.py
[2025-03-12T09:02:38.053+0000] {processor.py:927} WARNING - No viable dags retrieved from /opt/airflow/dags/src/extract.py
[2025-03-12T09:02:38.060+0000] {processor.py:208} INFO - Processing /opt/airflow/dags/src/extract.py took 0.370 seconds
[2025-03-12T09:03:08.223+0000] {processor.py:186} INFO - Started process (PID=370) to work on /opt/airflow/dags/src/extract.py
[2025-03-12T09:03:08.225+0000] {processor.py:914} INFO - Processing file /opt/airflow/dags/src/extract.py for tasks to queue
[2025-03-12T09:03:08.228+0000] {logging_mixin.py:190} INFO - [2025-03-12T09:03:08.228+0000] {dagbag.py:588} INFO - Filling up the DagBag from /opt/airflow/dags/src/extract.py
[2025-03-12T09:03:08.531+0000] {processor.py:927} WARNING - No viable dags retrieved from /opt/airflow/dags/src/extract.py
[2025-03-12T09:03:08.538+0000] {processor.py:208} INFO - Processing /opt/airflow/dags/src/extract.py took 0.328 seconds
[2025-03-12T09:03:38.723+0000] {processor.py:186} INFO - Started process (PID=374) to work on /opt/airflow/dags/src/extract.py
[2025-03-12T09:03:38.725+0000] {processor.py:914} INFO - Processing file /opt/airflow/dags/src/extract.py for tasks to queue
[2025-03-12T09:03:38.728+0000] {logging_mixin.py:190} INFO - [2025-03-12T09:03:38.727+0000] {dagbag.py:588} INFO - Filling up the DagBag from /opt/airflow/dags/src/extract.py
[2025-03-12T09:03:39.061+0000] {processor.py:927} WARNING - No viable dags retrieved from /opt/airflow/dags/src/extract.py
[2025-03-12T09:03:39.067+0000] {processor.py:208} INFO - Processing /opt/airflow/dags/src/extract.py took 0.354 seconds
[2025-03-12T09:04:09.219+0000] {processor.py:186} INFO - Started process (PID=378) to work on /opt/airflow/dags/src/extract.py
[2025-03-12T09:04:09.220+0000] {processor.py:914} INFO - Processing file /opt/airflow/dags/src/extract.py for tasks to queue
[2025-03-12T09:04:09.222+0000] {logging_mixin.py:190} INFO - [2025-03-12T09:04:09.222+0000] {dagbag.py:588} INFO - Filling up the DagBag from /opt/airflow/dags/src/extract.py
[2025-03-12T09:04:09.545+0000] {processor.py:927} WARNING - No viable dags retrieved from /opt/airflow/dags/src/extract.py
[2025-03-12T09:04:09.551+0000] {processor.py:208} INFO - Processing /opt/airflow/dags/src/extract.py took 0.338 seconds
[2025-03-12T09:04:39.703+0000] {processor.py:186} INFO - Started process (PID=382) to work on /opt/airflow/dags/src/extract.py
[2025-03-12T09:04:39.704+0000] {processor.py:914} INFO - Processing file /opt/airflow/dags/src/extract.py for tasks to queue
[2025-03-12T09:04:39.706+0000] {logging_mixin.py:190} INFO - [2025-03-12T09:04:39.706+0000] {dagbag.py:588} INFO - Filling up the DagBag from /opt/airflow/dags/src/extract.py
[2025-03-12T09:04:39.850+0000] {processor.py:927} WARNING - No viable dags retrieved from /opt/airflow/dags/src/extract.py
[2025-03-12T09:04:39.860+0000] {processor.py:208} INFO - Processing /opt/airflow/dags/src/extract.py took 0.162 seconds
[2025-03-12T09:05:10.026+0000] {processor.py:186} INFO - Started process (PID=386) to work on /opt/airflow/dags/src/extract.py
[2025-03-12T09:05:10.027+0000] {processor.py:914} INFO - Processing file /opt/airflow/dags/src/extract.py for tasks to queue
[2025-03-12T09:05:10.029+0000] {logging_mixin.py:190} INFO - [2025-03-12T09:05:10.029+0000] {dagbag.py:588} INFO - Filling up the DagBag from /opt/airflow/dags/src/extract.py
[2025-03-12T09:05:10.379+0000] {processor.py:927} WARNING - No viable dags retrieved from /opt/airflow/dags/src/extract.py
[2025-03-12T09:05:10.389+0000] {processor.py:208} INFO - Processing /opt/airflow/dags/src/extract.py took 0.368 seconds
[2025-03-12T09:05:40.611+0000] {processor.py:186} INFO - Started process (PID=396) to work on /opt/airflow/dags/src/extract.py
[2025-03-12T09:05:40.613+0000] {processor.py:914} INFO - Processing file /opt/airflow/dags/src/extract.py for tasks to queue
[2025-03-12T09:05:40.616+0000] {logging_mixin.py:190} INFO - [2025-03-12T09:05:40.615+0000] {dagbag.py:588} INFO - Filling up the DagBag from /opt/airflow/dags/src/extract.py
[2025-03-12T09:05:40.936+0000] {processor.py:927} WARNING - No viable dags retrieved from /opt/airflow/dags/src/extract.py
[2025-03-12T09:05:40.945+0000] {processor.py:208} INFO - Processing /opt/airflow/dags/src/extract.py took 0.342 seconds
[2025-03-12T09:06:11.168+0000] {processor.py:186} INFO - Started process (PID=406) to work on /opt/airflow/dags/src/extract.py
[2025-03-12T09:06:11.172+0000] {processor.py:914} INFO - Processing file /opt/airflow/dags/src/extract.py for tasks to queue
[2025-03-12T09:06:11.179+0000] {logging_mixin.py:190} INFO - [2025-03-12T09:06:11.178+0000] {dagbag.py:588} INFO - Filling up the DagBag from /opt/airflow/dags/src/extract.py
[2025-03-12T09:06:11.598+0000] {processor.py:927} WARNING - No viable dags retrieved from /opt/airflow/dags/src/extract.py
[2025-03-12T09:06:11.606+0000] {processor.py:208} INFO - Processing /opt/airflow/dags/src/extract.py took 0.449 seconds
[2025-03-12T09:06:41.842+0000] {processor.py:186} INFO - Started process (PID=419) to work on /opt/airflow/dags/src/extract.py
[2025-03-12T09:06:41.844+0000] {processor.py:914} INFO - Processing file /opt/airflow/dags/src/extract.py for tasks to queue
[2025-03-12T09:06:41.847+0000] {logging_mixin.py:190} INFO - [2025-03-12T09:06:41.846+0000] {dagbag.py:588} INFO - Filling up the DagBag from /opt/airflow/dags/src/extract.py
[2025-03-12T09:06:42.163+0000] {processor.py:927} WARNING - No viable dags retrieved from /opt/airflow/dags/src/extract.py
[2025-03-12T09:06:42.170+0000] {processor.py:208} INFO - Processing /opt/airflow/dags/src/extract.py took 0.335 seconds
[2025-03-12T09:07:12.365+0000] {processor.py:186} INFO - Started process (PID=423) to work on /opt/airflow/dags/src/extract.py
[2025-03-12T09:07:12.367+0000] {processor.py:914} INFO - Processing file /opt/airflow/dags/src/extract.py for tasks to queue
[2025-03-12T09:07:12.370+0000] {logging_mixin.py:190} INFO - [2025-03-12T09:07:12.370+0000] {dagbag.py:588} INFO - Filling up the DagBag from /opt/airflow/dags/src/extract.py
[2025-03-12T09:07:12.706+0000] {processor.py:927} WARNING - No viable dags retrieved from /opt/airflow/dags/src/extract.py
[2025-03-12T09:07:12.713+0000] {processor.py:208} INFO - Processing /opt/airflow/dags/src/extract.py took 0.357 seconds
[2025-03-12T09:07:42.874+0000] {processor.py:186} INFO - Started process (PID=427) to work on /opt/airflow/dags/src/extract.py
[2025-03-12T09:07:42.875+0000] {processor.py:914} INFO - Processing file /opt/airflow/dags/src/extract.py for tasks to queue
[2025-03-12T09:07:42.878+0000] {logging_mixin.py:190} INFO - [2025-03-12T09:07:42.877+0000] {dagbag.py:588} INFO - Filling up the DagBag from /opt/airflow/dags/src/extract.py
[2025-03-12T09:07:43.042+0000] {processor.py:927} WARNING - No viable dags retrieved from /opt/airflow/dags/src/extract.py
[2025-03-12T09:07:43.050+0000] {processor.py:208} INFO - Processing /opt/airflow/dags/src/extract.py took 0.184 seconds
[2025-03-12T09:08:13.249+0000] {processor.py:186} INFO - Started process (PID=431) to work on /opt/airflow/dags/src/extract.py
[2025-03-12T09:08:13.251+0000] {processor.py:914} INFO - Processing file /opt/airflow/dags/src/extract.py for tasks to queue
[2025-03-12T09:08:13.253+0000] {logging_mixin.py:190} INFO - [2025-03-12T09:08:13.253+0000] {dagbag.py:588} INFO - Filling up the DagBag from /opt/airflow/dags/src/extract.py
[2025-03-12T09:08:13.417+0000] {processor.py:927} WARNING - No viable dags retrieved from /opt/airflow/dags/src/extract.py
[2025-03-12T09:08:13.430+0000] {processor.py:208} INFO - Processing /opt/airflow/dags/src/extract.py took 0.189 seconds
[2025-03-12T09:08:43.658+0000] {processor.py:186} INFO - Started process (PID=435) to work on /opt/airflow/dags/src/extract.py
[2025-03-12T09:08:43.659+0000] {processor.py:914} INFO - Processing file /opt/airflow/dags/src/extract.py for tasks to queue
[2025-03-12T09:08:43.661+0000] {logging_mixin.py:190} INFO - [2025-03-12T09:08:43.661+0000] {dagbag.py:588} INFO - Filling up the DagBag from /opt/airflow/dags/src/extract.py
[2025-03-12T09:08:43.965+0000] {processor.py:927} WARNING - No viable dags retrieved from /opt/airflow/dags/src/extract.py
[2025-03-12T09:08:43.974+0000] {processor.py:208} INFO - Processing /opt/airflow/dags/src/extract.py took 0.322 seconds
[2025-03-12T09:19:13.922+0000] {processor.py:186} INFO - Started process (PID=99) to work on /opt/airflow/dags/src/extract.py
[2025-03-12T09:19:13.923+0000] {processor.py:914} INFO - Processing file /opt/airflow/dags/src/extract.py for tasks to queue
[2025-03-12T09:19:13.926+0000] {logging_mixin.py:190} INFO - [2025-03-12T09:19:13.926+0000] {dagbag.py:588} INFO - Filling up the DagBag from /opt/airflow/dags/src/extract.py
[2025-03-12T09:19:14.103+0000] {processor.py:927} WARNING - No viable dags retrieved from /opt/airflow/dags/src/extract.py
[2025-03-12T09:19:14.113+0000] {processor.py:208} INFO - Processing /opt/airflow/dags/src/extract.py took 0.196 seconds
[2025-03-12T09:19:45.239+0000] {processor.py:186} INFO - Started process (PID=114) to work on /opt/airflow/dags/src/extract.py
[2025-03-12T09:19:45.241+0000] {processor.py:914} INFO - Processing file /opt/airflow/dags/src/extract.py for tasks to queue
[2025-03-12T09:19:45.243+0000] {logging_mixin.py:190} INFO - [2025-03-12T09:19:45.243+0000] {dagbag.py:588} INFO - Filling up the DagBag from /opt/airflow/dags/src/extract.py
[2025-03-12T09:19:45.402+0000] {processor.py:927} WARNING - No viable dags retrieved from /opt/airflow/dags/src/extract.py
[2025-03-12T09:19:45.417+0000] {processor.py:208} INFO - Processing /opt/airflow/dags/src/extract.py took 0.183 seconds
[2025-03-12T09:20:16.704+0000] {processor.py:186} INFO - Started process (PID=124) to work on /opt/airflow/dags/src/extract.py
[2025-03-12T09:20:16.705+0000] {processor.py:914} INFO - Processing file /opt/airflow/dags/src/extract.py for tasks to queue
[2025-03-12T09:20:16.707+0000] {logging_mixin.py:190} INFO - [2025-03-12T09:20:16.707+0000] {dagbag.py:588} INFO - Filling up the DagBag from /opt/airflow/dags/src/extract.py
[2025-03-12T09:20:16.875+0000] {processor.py:927} WARNING - No viable dags retrieved from /opt/airflow/dags/src/extract.py
[2025-03-12T09:20:16.886+0000] {processor.py:208} INFO - Processing /opt/airflow/dags/src/extract.py took 0.186 seconds
[2025-03-12T09:20:47.394+0000] {processor.py:186} INFO - Started process (PID=128) to work on /opt/airflow/dags/src/extract.py
[2025-03-12T09:20:47.395+0000] {processor.py:914} INFO - Processing file /opt/airflow/dags/src/extract.py for tasks to queue
[2025-03-12T09:20:47.398+0000] {logging_mixin.py:190} INFO - [2025-03-12T09:20:47.397+0000] {dagbag.py:588} INFO - Filling up the DagBag from /opt/airflow/dags/src/extract.py
[2025-03-12T09:20:47.555+0000] {processor.py:927} WARNING - No viable dags retrieved from /opt/airflow/dags/src/extract.py
[2025-03-12T09:20:47.562+0000] {processor.py:208} INFO - Processing /opt/airflow/dags/src/extract.py took 0.177 seconds
[2025-03-12T09:21:19.813+0000] {processor.py:186} INFO - Started process (PID=140) to work on /opt/airflow/dags/src/extract.py
[2025-03-12T09:21:19.815+0000] {processor.py:914} INFO - Processing file /opt/airflow/dags/src/extract.py for tasks to queue
[2025-03-12T09:21:19.818+0000] {logging_mixin.py:190} INFO - [2025-03-12T09:21:19.818+0000] {dagbag.py:588} INFO - Filling up the DagBag from /opt/airflow/dags/src/extract.py
[2025-03-12T09:21:19.994+0000] {processor.py:927} WARNING - No viable dags retrieved from /opt/airflow/dags/src/extract.py
[2025-03-12T09:21:20.003+0000] {processor.py:208} INFO - Processing /opt/airflow/dags/src/extract.py took 0.200 seconds
[2025-03-12T09:21:50.873+0000] {processor.py:186} INFO - Started process (PID=187) to work on /opt/airflow/dags/src/extract.py
[2025-03-12T09:21:50.875+0000] {processor.py:914} INFO - Processing file /opt/airflow/dags/src/extract.py for tasks to queue
[2025-03-12T09:21:50.877+0000] {logging_mixin.py:190} INFO - [2025-03-12T09:21:50.877+0000] {dagbag.py:588} INFO - Filling up the DagBag from /opt/airflow/dags/src/extract.py
[2025-03-12T09:21:51.068+0000] {processor.py:927} WARNING - No viable dags retrieved from /opt/airflow/dags/src/extract.py
[2025-03-12T09:21:51.075+0000] {processor.py:208} INFO - Processing /opt/airflow/dags/src/extract.py took 0.207 seconds
[2025-03-12T09:22:21.351+0000] {processor.py:186} INFO - Started process (PID=191) to work on /opt/airflow/dags/src/extract.py
[2025-03-12T09:22:21.353+0000] {processor.py:914} INFO - Processing file /opt/airflow/dags/src/extract.py for tasks to queue
[2025-03-12T09:22:21.357+0000] {logging_mixin.py:190} INFO - [2025-03-12T09:22:21.357+0000] {dagbag.py:588} INFO - Filling up the DagBag from /opt/airflow/dags/src/extract.py
[2025-03-12T09:22:21.522+0000] {processor.py:927} WARNING - No viable dags retrieved from /opt/airflow/dags/src/extract.py
[2025-03-12T09:22:21.531+0000] {processor.py:208} INFO - Processing /opt/airflow/dags/src/extract.py took 0.191 seconds
[2025-03-12T09:22:57.353+0000] {processor.py:186} INFO - Started process (PID=195) to work on /opt/airflow/dags/src/extract.py
[2025-03-12T09:22:57.362+0000] {processor.py:914} INFO - Processing file /opt/airflow/dags/src/extract.py for tasks to queue
[2025-03-12T09:22:57.368+0000] {logging_mixin.py:190} INFO - [2025-03-12T09:22:57.367+0000] {dagbag.py:588} INFO - Filling up the DagBag from /opt/airflow/dags/src/extract.py
[2025-03-12T09:22:57.878+0000] {processor.py:927} WARNING - No viable dags retrieved from /opt/airflow/dags/src/extract.py
[2025-03-12T09:22:57.903+0000] {processor.py:208} INFO - Processing /opt/airflow/dags/src/extract.py took 0.564 seconds
[2025-03-12T09:23:28.939+0000] {processor.py:186} INFO - Started process (PID=199) to work on /opt/airflow/dags/src/extract.py
[2025-03-12T09:23:28.941+0000] {processor.py:914} INFO - Processing file /opt/airflow/dags/src/extract.py for tasks to queue
[2025-03-12T09:23:28.944+0000] {logging_mixin.py:190} INFO - [2025-03-12T09:23:28.943+0000] {dagbag.py:588} INFO - Filling up the DagBag from /opt/airflow/dags/src/extract.py
[2025-03-12T09:23:29.108+0000] {processor.py:927} WARNING - No viable dags retrieved from /opt/airflow/dags/src/extract.py
[2025-03-12T09:23:29.118+0000] {processor.py:208} INFO - Processing /opt/airflow/dags/src/extract.py took 0.187 seconds
[2025-03-12T09:23:59.607+0000] {processor.py:186} INFO - Started process (PID=203) to work on /opt/airflow/dags/src/extract.py
[2025-03-12T09:23:59.608+0000] {processor.py:914} INFO - Processing file /opt/airflow/dags/src/extract.py for tasks to queue
[2025-03-12T09:23:59.611+0000] {logging_mixin.py:190} INFO - [2025-03-12T09:23:59.611+0000] {dagbag.py:588} INFO - Filling up the DagBag from /opt/airflow/dags/src/extract.py
[2025-03-12T09:23:59.771+0000] {processor.py:927} WARNING - No viable dags retrieved from /opt/airflow/dags/src/extract.py
[2025-03-12T09:23:59.779+0000] {processor.py:208} INFO - Processing /opt/airflow/dags/src/extract.py took 0.181 seconds
[2025-03-12T09:24:30.538+0000] {processor.py:186} INFO - Started process (PID=207) to work on /opt/airflow/dags/src/extract.py
[2025-03-12T09:24:30.540+0000] {processor.py:914} INFO - Processing file /opt/airflow/dags/src/extract.py for tasks to queue
[2025-03-12T09:24:30.543+0000] {logging_mixin.py:190} INFO - [2025-03-12T09:24:30.543+0000] {dagbag.py:588} INFO - Filling up the DagBag from /opt/airflow/dags/src/extract.py
[2025-03-12T09:24:30.701+0000] {processor.py:927} WARNING - No viable dags retrieved from /opt/airflow/dags/src/extract.py
[2025-03-12T09:24:30.709+0000] {processor.py:208} INFO - Processing /opt/airflow/dags/src/extract.py took 0.179 seconds
[2025-03-12T09:25:01.608+0000] {processor.py:186} INFO - Started process (PID=211) to work on /opt/airflow/dags/src/extract.py
[2025-03-12T09:25:01.610+0000] {processor.py:914} INFO - Processing file /opt/airflow/dags/src/extract.py for tasks to queue
[2025-03-12T09:25:01.614+0000] {logging_mixin.py:190} INFO - [2025-03-12T09:25:01.613+0000] {dagbag.py:588} INFO - Filling up the DagBag from /opt/airflow/dags/src/extract.py
[2025-03-12T09:25:01.812+0000] {processor.py:927} WARNING - No viable dags retrieved from /opt/airflow/dags/src/extract.py
[2025-03-12T09:25:01.827+0000] {processor.py:208} INFO - Processing /opt/airflow/dags/src/extract.py took 0.229 seconds
[2025-03-12T09:25:32.385+0000] {processor.py:186} INFO - Started process (PID=224) to work on /opt/airflow/dags/src/extract.py
[2025-03-12T09:25:32.386+0000] {processor.py:914} INFO - Processing file /opt/airflow/dags/src/extract.py for tasks to queue
[2025-03-12T09:25:32.389+0000] {logging_mixin.py:190} INFO - [2025-03-12T09:25:32.388+0000] {dagbag.py:588} INFO - Filling up the DagBag from /opt/airflow/dags/src/extract.py
[2025-03-12T09:25:32.561+0000] {processor.py:927} WARNING - No viable dags retrieved from /opt/airflow/dags/src/extract.py
[2025-03-12T09:25:32.571+0000] {processor.py:208} INFO - Processing /opt/airflow/dags/src/extract.py took 0.191 seconds
[2025-03-12T09:26:03.809+0000] {processor.py:186} INFO - Started process (PID=252) to work on /opt/airflow/dags/src/extract.py
[2025-03-12T09:26:03.813+0000] {processor.py:914} INFO - Processing file /opt/airflow/dags/src/extract.py for tasks to queue
[2025-03-12T09:26:03.818+0000] {logging_mixin.py:190} INFO - [2025-03-12T09:26:03.817+0000] {dagbag.py:588} INFO - Filling up the DagBag from /opt/airflow/dags/src/extract.py
[2025-03-12T09:26:04.148+0000] {processor.py:927} WARNING - No viable dags retrieved from /opt/airflow/dags/src/extract.py
[2025-03-12T09:26:04.194+0000] {processor.py:208} INFO - Processing /opt/airflow/dags/src/extract.py took 0.393 seconds
[2025-03-12T09:26:43.010+0000] {processor.py:186} INFO - Started process (PID=337) to work on /opt/airflow/dags/src/extract.py
[2025-03-12T09:26:43.012+0000] {processor.py:914} INFO - Processing file /opt/airflow/dags/src/extract.py for tasks to queue
[2025-03-12T09:26:43.015+0000] {logging_mixin.py:190} INFO - [2025-03-12T09:26:43.014+0000] {dagbag.py:588} INFO - Filling up the DagBag from /opt/airflow/dags/src/extract.py
[2025-03-12T09:26:43.195+0000] {processor.py:927} WARNING - No viable dags retrieved from /opt/airflow/dags/src/extract.py
[2025-03-12T09:26:43.203+0000] {processor.py:208} INFO - Processing /opt/airflow/dags/src/extract.py took 0.198 seconds
[2025-03-12T09:27:14.350+0000] {processor.py:186} INFO - Started process (PID=341) to work on /opt/airflow/dags/src/extract.py
[2025-03-12T09:27:14.351+0000] {processor.py:914} INFO - Processing file /opt/airflow/dags/src/extract.py for tasks to queue
[2025-03-12T09:27:14.354+0000] {logging_mixin.py:190} INFO - [2025-03-12T09:27:14.354+0000] {dagbag.py:588} INFO - Filling up the DagBag from /opt/airflow/dags/src/extract.py
[2025-03-12T09:27:14.539+0000] {processor.py:927} WARNING - No viable dags retrieved from /opt/airflow/dags/src/extract.py
[2025-03-12T09:27:14.550+0000] {processor.py:208} INFO - Processing /opt/airflow/dags/src/extract.py took 0.210 seconds
[2025-03-12T09:27:45.699+0000] {processor.py:186} INFO - Started process (PID=345) to work on /opt/airflow/dags/src/extract.py
[2025-03-12T09:27:45.701+0000] {processor.py:914} INFO - Processing file /opt/airflow/dags/src/extract.py for tasks to queue
[2025-03-12T09:27:45.705+0000] {logging_mixin.py:190} INFO - [2025-03-12T09:27:45.704+0000] {dagbag.py:588} INFO - Filling up the DagBag from /opt/airflow/dags/src/extract.py
[2025-03-12T09:27:46.067+0000] {processor.py:927} WARNING - No viable dags retrieved from /opt/airflow/dags/src/extract.py
[2025-03-12T09:27:46.075+0000] {processor.py:208} INFO - Processing /opt/airflow/dags/src/extract.py took 0.389 seconds
[2025-03-12T09:28:16.310+0000] {processor.py:186} INFO - Started process (PID=349) to work on /opt/airflow/dags/src/extract.py
[2025-03-12T09:28:16.312+0000] {processor.py:914} INFO - Processing file /opt/airflow/dags/src/extract.py for tasks to queue
[2025-03-12T09:28:16.315+0000] {logging_mixin.py:190} INFO - [2025-03-12T09:28:16.314+0000] {dagbag.py:588} INFO - Filling up the DagBag from /opt/airflow/dags/src/extract.py
[2025-03-12T09:28:16.602+0000] {processor.py:927} WARNING - No viable dags retrieved from /opt/airflow/dags/src/extract.py
[2025-03-12T09:28:16.609+0000] {processor.py:208} INFO - Processing /opt/airflow/dags/src/extract.py took 0.308 seconds
[2025-03-12T09:28:46.808+0000] {processor.py:186} INFO - Started process (PID=353) to work on /opt/airflow/dags/src/extract.py
[2025-03-12T09:28:46.809+0000] {processor.py:914} INFO - Processing file /opt/airflow/dags/src/extract.py for tasks to queue
[2025-03-12T09:28:46.811+0000] {logging_mixin.py:190} INFO - [2025-03-12T09:28:46.811+0000] {dagbag.py:588} INFO - Filling up the DagBag from /opt/airflow/dags/src/extract.py
[2025-03-12T09:28:47.110+0000] {processor.py:927} WARNING - No viable dags retrieved from /opt/airflow/dags/src/extract.py
[2025-03-12T09:28:47.117+0000] {processor.py:208} INFO - Processing /opt/airflow/dags/src/extract.py took 0.314 seconds
[2025-03-12T09:29:18.042+0000] {processor.py:186} INFO - Started process (PID=357) to work on /opt/airflow/dags/src/extract.py
[2025-03-12T09:29:18.043+0000] {processor.py:914} INFO - Processing file /opt/airflow/dags/src/extract.py for tasks to queue
[2025-03-12T09:29:18.046+0000] {logging_mixin.py:190} INFO - [2025-03-12T09:29:18.045+0000] {dagbag.py:588} INFO - Filling up the DagBag from /opt/airflow/dags/src/extract.py
[2025-03-12T09:29:18.419+0000] {processor.py:927} WARNING - No viable dags retrieved from /opt/airflow/dags/src/extract.py
[2025-03-12T09:29:18.431+0000] {processor.py:208} INFO - Processing /opt/airflow/dags/src/extract.py took 0.396 seconds
[2025-03-12T09:29:48.639+0000] {processor.py:186} INFO - Started process (PID=361) to work on /opt/airflow/dags/src/extract.py
[2025-03-12T09:29:48.641+0000] {processor.py:914} INFO - Processing file /opt/airflow/dags/src/extract.py for tasks to queue
[2025-03-12T09:29:48.645+0000] {logging_mixin.py:190} INFO - [2025-03-12T09:29:48.644+0000] {dagbag.py:588} INFO - Filling up the DagBag from /opt/airflow/dags/src/extract.py
[2025-03-12T09:29:48.861+0000] {processor.py:927} WARNING - No viable dags retrieved from /opt/airflow/dags/src/extract.py
[2025-03-12T09:29:48.870+0000] {processor.py:208} INFO - Processing /opt/airflow/dags/src/extract.py took 0.237 seconds
[2025-03-12T09:30:19.050+0000] {processor.py:186} INFO - Started process (PID=365) to work on /opt/airflow/dags/src/extract.py
[2025-03-12T09:30:19.052+0000] {processor.py:914} INFO - Processing file /opt/airflow/dags/src/extract.py for tasks to queue
[2025-03-12T09:30:19.055+0000] {logging_mixin.py:190} INFO - [2025-03-12T09:30:19.055+0000] {dagbag.py:588} INFO - Filling up the DagBag from /opt/airflow/dags/src/extract.py
[2025-03-12T09:30:19.293+0000] {processor.py:927} WARNING - No viable dags retrieved from /opt/airflow/dags/src/extract.py
[2025-03-12T09:30:19.323+0000] {processor.py:208} INFO - Processing /opt/airflow/dags/src/extract.py took 0.281 seconds
[2025-03-12T09:30:49.476+0000] {processor.py:186} INFO - Started process (PID=369) to work on /opt/airflow/dags/src/extract.py
[2025-03-12T09:30:49.478+0000] {processor.py:914} INFO - Processing file /opt/airflow/dags/src/extract.py for tasks to queue
[2025-03-12T09:30:49.488+0000] {logging_mixin.py:190} INFO - [2025-03-12T09:30:49.487+0000] {dagbag.py:588} INFO - Filling up the DagBag from /opt/airflow/dags/src/extract.py
[2025-03-12T09:30:50.029+0000] {processor.py:927} WARNING - No viable dags retrieved from /opt/airflow/dags/src/extract.py
[2025-03-12T09:30:50.050+0000] {processor.py:208} INFO - Processing /opt/airflow/dags/src/extract.py took 0.578 seconds
[2025-03-12T09:31:20.399+0000] {processor.py:186} INFO - Started process (PID=373) to work on /opt/airflow/dags/src/extract.py
[2025-03-12T09:31:20.403+0000] {processor.py:914} INFO - Processing file /opt/airflow/dags/src/extract.py for tasks to queue
[2025-03-12T09:31:20.409+0000] {logging_mixin.py:190} INFO - [2025-03-12T09:31:20.408+0000] {dagbag.py:588} INFO - Filling up the DagBag from /opt/airflow/dags/src/extract.py
[2025-03-12T09:31:21.012+0000] {processor.py:927} WARNING - No viable dags retrieved from /opt/airflow/dags/src/extract.py
[2025-03-12T09:31:21.025+0000] {processor.py:208} INFO - Processing /opt/airflow/dags/src/extract.py took 0.642 seconds
[2025-03-12T09:31:51.240+0000] {processor.py:186} INFO - Started process (PID=377) to work on /opt/airflow/dags/src/extract.py
[2025-03-12T09:31:51.244+0000] {processor.py:914} INFO - Processing file /opt/airflow/dags/src/extract.py for tasks to queue
[2025-03-12T09:31:51.246+0000] {logging_mixin.py:190} INFO - [2025-03-12T09:31:51.246+0000] {dagbag.py:588} INFO - Filling up the DagBag from /opt/airflow/dags/src/extract.py
[2025-03-12T09:31:51.555+0000] {processor.py:927} WARNING - No viable dags retrieved from /opt/airflow/dags/src/extract.py
[2025-03-12T09:31:51.561+0000] {processor.py:208} INFO - Processing /opt/airflow/dags/src/extract.py took 0.327 seconds
[2025-03-12T09:32:21.760+0000] {processor.py:186} INFO - Started process (PID=381) to work on /opt/airflow/dags/src/extract.py
[2025-03-12T09:32:21.761+0000] {processor.py:914} INFO - Processing file /opt/airflow/dags/src/extract.py for tasks to queue
[2025-03-12T09:32:21.764+0000] {logging_mixin.py:190} INFO - [2025-03-12T09:32:21.763+0000] {dagbag.py:588} INFO - Filling up the DagBag from /opt/airflow/dags/src/extract.py
[2025-03-12T09:32:22.050+0000] {processor.py:927} WARNING - No viable dags retrieved from /opt/airflow/dags/src/extract.py
[2025-03-12T09:32:22.056+0000] {processor.py:208} INFO - Processing /opt/airflow/dags/src/extract.py took 0.305 seconds
[2025-03-12T09:32:52.258+0000] {processor.py:186} INFO - Started process (PID=385) to work on /opt/airflow/dags/src/extract.py
[2025-03-12T09:32:52.260+0000] {processor.py:914} INFO - Processing file /opt/airflow/dags/src/extract.py for tasks to queue
[2025-03-12T09:32:52.263+0000] {logging_mixin.py:190} INFO - [2025-03-12T09:32:52.263+0000] {dagbag.py:588} INFO - Filling up the DagBag from /opt/airflow/dags/src/extract.py
[2025-03-12T09:32:52.477+0000] {processor.py:927} WARNING - No viable dags retrieved from /opt/airflow/dags/src/extract.py
[2025-03-12T09:32:52.486+0000] {processor.py:208} INFO - Processing /opt/airflow/dags/src/extract.py took 0.235 seconds
[2025-03-12T09:33:22.690+0000] {processor.py:186} INFO - Started process (PID=389) to work on /opt/airflow/dags/src/extract.py
[2025-03-12T09:33:22.691+0000] {processor.py:914} INFO - Processing file /opt/airflow/dags/src/extract.py for tasks to queue
[2025-03-12T09:33:22.695+0000] {logging_mixin.py:190} INFO - [2025-03-12T09:33:22.695+0000] {dagbag.py:588} INFO - Filling up the DagBag from /opt/airflow/dags/src/extract.py
[2025-03-12T09:33:22.851+0000] {processor.py:927} WARNING - No viable dags retrieved from /opt/airflow/dags/src/extract.py
[2025-03-12T09:33:22.858+0000] {processor.py:208} INFO - Processing /opt/airflow/dags/src/extract.py took 0.178 seconds
[2025-03-12T09:33:54.458+0000] {processor.py:186} INFO - Started process (PID=393) to work on /opt/airflow/dags/src/extract.py
[2025-03-12T09:33:54.459+0000] {processor.py:914} INFO - Processing file /opt/airflow/dags/src/extract.py for tasks to queue
[2025-03-12T09:33:54.461+0000] {logging_mixin.py:190} INFO - [2025-03-12T09:33:54.461+0000] {dagbag.py:588} INFO - Filling up the DagBag from /opt/airflow/dags/src/extract.py
[2025-03-12T09:33:54.819+0000] {processor.py:927} WARNING - No viable dags retrieved from /opt/airflow/dags/src/extract.py
[2025-03-12T09:33:54.839+0000] {processor.py:208} INFO - Processing /opt/airflow/dags/src/extract.py took 0.385 seconds
[2025-03-12T09:34:25.314+0000] {processor.py:186} INFO - Started process (PID=397) to work on /opt/airflow/dags/src/extract.py
[2025-03-12T09:34:25.315+0000] {processor.py:914} INFO - Processing file /opt/airflow/dags/src/extract.py for tasks to queue
[2025-03-12T09:34:25.318+0000] {logging_mixin.py:190} INFO - [2025-03-12T09:34:25.318+0000] {dagbag.py:588} INFO - Filling up the DagBag from /opt/airflow/dags/src/extract.py
[2025-03-12T09:34:25.665+0000] {processor.py:927} WARNING - No viable dags retrieved from /opt/airflow/dags/src/extract.py
[2025-03-12T09:34:25.673+0000] {processor.py:208} INFO - Processing /opt/airflow/dags/src/extract.py took 0.368 seconds
[2025-03-12T09:34:56.278+0000] {processor.py:186} INFO - Started process (PID=401) to work on /opt/airflow/dags/src/extract.py
[2025-03-12T09:34:56.280+0000] {processor.py:914} INFO - Processing file /opt/airflow/dags/src/extract.py for tasks to queue
[2025-03-12T09:34:56.282+0000] {logging_mixin.py:190} INFO - [2025-03-12T09:34:56.282+0000] {dagbag.py:588} INFO - Filling up the DagBag from /opt/airflow/dags/src/extract.py
[2025-03-12T09:34:56.585+0000] {processor.py:927} WARNING - No viable dags retrieved from /opt/airflow/dags/src/extract.py
[2025-03-12T09:34:56.596+0000] {processor.py:208} INFO - Processing /opt/airflow/dags/src/extract.py took 0.323 seconds
[2025-03-12T09:35:27.176+0000] {processor.py:186} INFO - Started process (PID=405) to work on /opt/airflow/dags/src/extract.py
[2025-03-12T09:35:27.177+0000] {processor.py:914} INFO - Processing file /opt/airflow/dags/src/extract.py for tasks to queue
[2025-03-12T09:35:27.179+0000] {logging_mixin.py:190} INFO - [2025-03-12T09:35:27.179+0000] {dagbag.py:588} INFO - Filling up the DagBag from /opt/airflow/dags/src/extract.py
[2025-03-12T09:35:27.465+0000] {processor.py:927} WARNING - No viable dags retrieved from /opt/airflow/dags/src/extract.py
[2025-03-12T09:35:27.470+0000] {processor.py:208} INFO - Processing /opt/airflow/dags/src/extract.py took 0.300 seconds
[2025-03-12T09:35:58.004+0000] {processor.py:186} INFO - Started process (PID=409) to work on /opt/airflow/dags/src/extract.py
[2025-03-12T09:35:58.006+0000] {processor.py:914} INFO - Processing file /opt/airflow/dags/src/extract.py for tasks to queue
[2025-03-12T09:35:58.008+0000] {logging_mixin.py:190} INFO - [2025-03-12T09:35:58.008+0000] {dagbag.py:588} INFO - Filling up the DagBag from /opt/airflow/dags/src/extract.py
[2025-03-12T09:35:58.284+0000] {processor.py:927} WARNING - No viable dags retrieved from /opt/airflow/dags/src/extract.py
[2025-03-12T09:35:58.290+0000] {processor.py:208} INFO - Processing /opt/airflow/dags/src/extract.py took 0.296 seconds
[2025-03-12T09:36:28.825+0000] {processor.py:186} INFO - Started process (PID=413) to work on /opt/airflow/dags/src/extract.py
[2025-03-12T09:36:28.828+0000] {processor.py:914} INFO - Processing file /opt/airflow/dags/src/extract.py for tasks to queue
[2025-03-12T09:36:28.832+0000] {logging_mixin.py:190} INFO - [2025-03-12T09:36:28.831+0000] {dagbag.py:588} INFO - Filling up the DagBag from /opt/airflow/dags/src/extract.py
[2025-03-12T09:36:29.002+0000] {processor.py:927} WARNING - No viable dags retrieved from /opt/airflow/dags/src/extract.py
[2025-03-12T09:36:29.010+0000] {processor.py:208} INFO - Processing /opt/airflow/dags/src/extract.py took 0.194 seconds
[2025-03-12T09:36:59.774+0000] {processor.py:186} INFO - Started process (PID=417) to work on /opt/airflow/dags/src/extract.py
[2025-03-12T09:36:59.776+0000] {processor.py:914} INFO - Processing file /opt/airflow/dags/src/extract.py for tasks to queue
[2025-03-12T09:36:59.779+0000] {logging_mixin.py:190} INFO - [2025-03-12T09:36:59.779+0000] {dagbag.py:588} INFO - Filling up the DagBag from /opt/airflow/dags/src/extract.py
[2025-03-12T09:37:00.087+0000] {processor.py:927} WARNING - No viable dags retrieved from /opt/airflow/dags/src/extract.py
[2025-03-12T09:37:00.099+0000] {processor.py:208} INFO - Processing /opt/airflow/dags/src/extract.py took 0.332 seconds
[2025-03-12T09:37:30.620+0000] {processor.py:186} INFO - Started process (PID=421) to work on /opt/airflow/dags/src/extract.py
[2025-03-12T09:37:30.622+0000] {processor.py:914} INFO - Processing file /opt/airflow/dags/src/extract.py for tasks to queue
[2025-03-12T09:37:30.624+0000] {logging_mixin.py:190} INFO - [2025-03-12T09:37:30.624+0000] {dagbag.py:588} INFO - Filling up the DagBag from /opt/airflow/dags/src/extract.py
[2025-03-12T09:37:30.899+0000] {processor.py:927} WARNING - No viable dags retrieved from /opt/airflow/dags/src/extract.py
[2025-03-12T09:37:30.904+0000] {processor.py:208} INFO - Processing /opt/airflow/dags/src/extract.py took 0.290 seconds
[2025-03-12T09:38:01.464+0000] {processor.py:186} INFO - Started process (PID=425) to work on /opt/airflow/dags/src/extract.py
[2025-03-12T09:38:01.465+0000] {processor.py:914} INFO - Processing file /opt/airflow/dags/src/extract.py for tasks to queue
[2025-03-12T09:38:01.467+0000] {logging_mixin.py:190} INFO - [2025-03-12T09:38:01.467+0000] {dagbag.py:588} INFO - Filling up the DagBag from /opt/airflow/dags/src/extract.py
[2025-03-12T09:38:01.790+0000] {processor.py:927} WARNING - No viable dags retrieved from /opt/airflow/dags/src/extract.py
[2025-03-12T09:38:01.798+0000] {processor.py:208} INFO - Processing /opt/airflow/dags/src/extract.py took 0.339 seconds
[2025-03-12T09:38:32.407+0000] {processor.py:186} INFO - Started process (PID=429) to work on /opt/airflow/dags/src/extract.py
[2025-03-12T09:38:32.408+0000] {processor.py:914} INFO - Processing file /opt/airflow/dags/src/extract.py for tasks to queue
[2025-03-12T09:38:32.410+0000] {logging_mixin.py:190} INFO - [2025-03-12T09:38:32.410+0000] {dagbag.py:588} INFO - Filling up the DagBag from /opt/airflow/dags/src/extract.py
[2025-03-12T09:38:32.675+0000] {processor.py:927} WARNING - No viable dags retrieved from /opt/airflow/dags/src/extract.py
[2025-03-12T09:38:32.680+0000] {processor.py:208} INFO - Processing /opt/airflow/dags/src/extract.py took 0.282 seconds
[2025-03-12T09:39:03.331+0000] {processor.py:186} INFO - Started process (PID=433) to work on /opt/airflow/dags/src/extract.py
[2025-03-12T09:39:03.332+0000] {processor.py:914} INFO - Processing file /opt/airflow/dags/src/extract.py for tasks to queue
[2025-03-12T09:39:03.334+0000] {logging_mixin.py:190} INFO - [2025-03-12T09:39:03.334+0000] {dagbag.py:588} INFO - Filling up the DagBag from /opt/airflow/dags/src/extract.py
[2025-03-12T09:39:03.602+0000] {processor.py:927} WARNING - No viable dags retrieved from /opt/airflow/dags/src/extract.py
[2025-03-12T09:39:03.608+0000] {processor.py:208} INFO - Processing /opt/airflow/dags/src/extract.py took 0.287 seconds
[2025-03-12T09:39:39.206+0000] {processor.py:186} INFO - Started process (PID=437) to work on /opt/airflow/dags/src/extract.py
[2025-03-12T09:39:39.211+0000] {processor.py:914} INFO - Processing file /opt/airflow/dags/src/extract.py for tasks to queue
[2025-03-12T09:39:39.221+0000] {logging_mixin.py:190} INFO - [2025-03-12T09:39:39.220+0000] {dagbag.py:588} INFO - Filling up the DagBag from /opt/airflow/dags/src/extract.py
[2025-03-12T09:39:40.197+0000] {processor.py:927} WARNING - No viable dags retrieved from /opt/airflow/dags/src/extract.py
[2025-03-12T09:39:40.280+0000] {processor.py:208} INFO - Processing /opt/airflow/dags/src/extract.py took 1.097 seconds
[2025-03-12T09:40:15.467+0000] {processor.py:186} INFO - Started process (PID=441) to work on /opt/airflow/dags/src/extract.py
[2025-03-12T09:40:15.473+0000] {processor.py:914} INFO - Processing file /opt/airflow/dags/src/extract.py for tasks to queue
[2025-03-12T09:40:15.484+0000] {logging_mixin.py:190} INFO - [2025-03-12T09:40:15.483+0000] {dagbag.py:588} INFO - Filling up the DagBag from /opt/airflow/dags/src/extract.py
[2025-03-12T09:40:16.263+0000] {processor.py:927} WARNING - No viable dags retrieved from /opt/airflow/dags/src/extract.py
[2025-03-12T09:40:16.300+0000] {processor.py:208} INFO - Processing /opt/airflow/dags/src/extract.py took 0.854 seconds
[2025-03-12T09:40:47.157+0000] {processor.py:186} INFO - Started process (PID=445) to work on /opt/airflow/dags/src/extract.py
[2025-03-12T09:40:47.159+0000] {processor.py:914} INFO - Processing file /opt/airflow/dags/src/extract.py for tasks to queue
[2025-03-12T09:40:47.163+0000] {logging_mixin.py:190} INFO - [2025-03-12T09:40:47.162+0000] {dagbag.py:588} INFO - Filling up the DagBag from /opt/airflow/dags/src/extract.py
[2025-03-12T09:40:47.436+0000] {processor.py:927} WARNING - No viable dags retrieved from /opt/airflow/dags/src/extract.py
[2025-03-12T09:40:47.442+0000] {processor.py:208} INFO - Processing /opt/airflow/dags/src/extract.py took 0.293 seconds
[2025-03-12T09:41:17.984+0000] {processor.py:186} INFO - Started process (PID=449) to work on /opt/airflow/dags/src/extract.py
[2025-03-12T09:41:17.986+0000] {processor.py:914} INFO - Processing file /opt/airflow/dags/src/extract.py for tasks to queue
[2025-03-12T09:41:17.989+0000] {logging_mixin.py:190} INFO - [2025-03-12T09:41:17.989+0000] {dagbag.py:588} INFO - Filling up the DagBag from /opt/airflow/dags/src/extract.py
[2025-03-12T09:41:18.303+0000] {processor.py:927} WARNING - No viable dags retrieved from /opt/airflow/dags/src/extract.py
[2025-03-12T09:41:18.309+0000] {processor.py:208} INFO - Processing /opt/airflow/dags/src/extract.py took 0.334 seconds
[2025-03-12T09:41:48.820+0000] {processor.py:186} INFO - Started process (PID=453) to work on /opt/airflow/dags/src/extract.py
[2025-03-12T09:41:48.821+0000] {processor.py:914} INFO - Processing file /opt/airflow/dags/src/extract.py for tasks to queue
[2025-03-12T09:41:48.823+0000] {logging_mixin.py:190} INFO - [2025-03-12T09:41:48.823+0000] {dagbag.py:588} INFO - Filling up the DagBag from /opt/airflow/dags/src/extract.py
[2025-03-12T09:41:49.114+0000] {processor.py:927} WARNING - No viable dags retrieved from /opt/airflow/dags/src/extract.py
[2025-03-12T09:41:49.120+0000] {processor.py:208} INFO - Processing /opt/airflow/dags/src/extract.py took 0.306 seconds
[2025-03-12T09:42:20.219+0000] {processor.py:186} INFO - Started process (PID=457) to work on /opt/airflow/dags/src/extract.py
[2025-03-12T09:42:20.220+0000] {processor.py:914} INFO - Processing file /opt/airflow/dags/src/extract.py for tasks to queue
[2025-03-12T09:42:20.223+0000] {logging_mixin.py:190} INFO - [2025-03-12T09:42:20.223+0000] {dagbag.py:588} INFO - Filling up the DagBag from /opt/airflow/dags/src/extract.py
[2025-03-12T09:42:20.524+0000] {processor.py:927} WARNING - No viable dags retrieved from /opt/airflow/dags/src/extract.py
[2025-03-12T09:42:20.530+0000] {processor.py:208} INFO - Processing /opt/airflow/dags/src/extract.py took 0.321 seconds
[2025-03-12T09:42:51.594+0000] {processor.py:186} INFO - Started process (PID=461) to work on /opt/airflow/dags/src/extract.py
[2025-03-12T09:42:51.595+0000] {processor.py:914} INFO - Processing file /opt/airflow/dags/src/extract.py for tasks to queue
[2025-03-12T09:42:51.598+0000] {logging_mixin.py:190} INFO - [2025-03-12T09:42:51.598+0000] {dagbag.py:588} INFO - Filling up the DagBag from /opt/airflow/dags/src/extract.py
[2025-03-12T09:42:51.773+0000] {processor.py:927} WARNING - No viable dags retrieved from /opt/airflow/dags/src/extract.py
[2025-03-12T09:42:51.781+0000] {processor.py:208} INFO - Processing /opt/airflow/dags/src/extract.py took 0.195 seconds
[2025-03-12T09:43:22.633+0000] {processor.py:186} INFO - Started process (PID=465) to work on /opt/airflow/dags/src/extract.py
[2025-03-12T09:43:22.635+0000] {processor.py:914} INFO - Processing file /opt/airflow/dags/src/extract.py for tasks to queue
[2025-03-12T09:43:22.637+0000] {logging_mixin.py:190} INFO - [2025-03-12T09:43:22.637+0000] {dagbag.py:588} INFO - Filling up the DagBag from /opt/airflow/dags/src/extract.py
[2025-03-12T09:43:22.814+0000] {processor.py:927} WARNING - No viable dags retrieved from /opt/airflow/dags/src/extract.py
[2025-03-12T09:43:22.822+0000] {processor.py:208} INFO - Processing /opt/airflow/dags/src/extract.py took 0.195 seconds
[2025-03-12T09:45:28.929+0000] {processor.py:186} INFO - Started process (PID=84) to work on /opt/airflow/dags/src/extract.py
[2025-03-12T09:45:28.930+0000] {processor.py:914} INFO - Processing file /opt/airflow/dags/src/extract.py for tasks to queue
[2025-03-12T09:45:28.933+0000] {logging_mixin.py:190} INFO - [2025-03-12T09:45:28.933+0000] {dagbag.py:588} INFO - Filling up the DagBag from /opt/airflow/dags/src/extract.py
[2025-03-12T09:45:29.294+0000] {processor.py:927} WARNING - No viable dags retrieved from /opt/airflow/dags/src/extract.py
[2025-03-12T09:45:29.309+0000] {processor.py:208} INFO - Processing /opt/airflow/dags/src/extract.py took 0.386 seconds
[2025-03-12T09:46:00.327+0000] {processor.py:186} INFO - Started process (PID=114) to work on /opt/airflow/dags/src/extract.py
[2025-03-12T09:46:00.329+0000] {processor.py:914} INFO - Processing file /opt/airflow/dags/src/extract.py for tasks to queue
[2025-03-12T09:46:00.332+0000] {logging_mixin.py:190} INFO - [2025-03-12T09:46:00.332+0000] {dagbag.py:588} INFO - Filling up the DagBag from /opt/airflow/dags/src/extract.py
[2025-03-12T09:46:00.515+0000] {processor.py:927} WARNING - No viable dags retrieved from /opt/airflow/dags/src/extract.py
[2025-03-12T09:46:00.525+0000] {processor.py:208} INFO - Processing /opt/airflow/dags/src/extract.py took 0.207 seconds
[2025-03-12T09:46:31.614+0000] {processor.py:186} INFO - Started process (PID=118) to work on /opt/airflow/dags/src/extract.py
[2025-03-12T09:46:31.616+0000] {processor.py:914} INFO - Processing file /opt/airflow/dags/src/extract.py for tasks to queue
[2025-03-12T09:46:31.620+0000] {logging_mixin.py:190} INFO - [2025-03-12T09:46:31.620+0000] {dagbag.py:588} INFO - Filling up the DagBag from /opt/airflow/dags/src/extract.py
[2025-03-12T09:46:31.793+0000] {processor.py:927} WARNING - No viable dags retrieved from /opt/airflow/dags/src/extract.py
[2025-03-12T09:46:31.801+0000] {processor.py:208} INFO - Processing /opt/airflow/dags/src/extract.py took 0.199 seconds
[2025-03-12T09:47:02.978+0000] {processor.py:186} INFO - Started process (PID=122) to work on /opt/airflow/dags/src/extract.py
[2025-03-12T09:47:02.980+0000] {processor.py:914} INFO - Processing file /opt/airflow/dags/src/extract.py for tasks to queue
[2025-03-12T09:47:02.982+0000] {logging_mixin.py:190} INFO - [2025-03-12T09:47:02.982+0000] {dagbag.py:588} INFO - Filling up the DagBag from /opt/airflow/dags/src/extract.py
[2025-03-12T09:47:03.165+0000] {processor.py:927} WARNING - No viable dags retrieved from /opt/airflow/dags/src/extract.py
[2025-03-12T09:47:03.174+0000] {processor.py:208} INFO - Processing /opt/airflow/dags/src/extract.py took 0.203 seconds
[2025-03-12T09:47:33.737+0000] {processor.py:186} INFO - Started process (PID=126) to work on /opt/airflow/dags/src/extract.py
[2025-03-12T09:47:33.738+0000] {processor.py:914} INFO - Processing file /opt/airflow/dags/src/extract.py for tasks to queue
[2025-03-12T09:47:33.741+0000] {logging_mixin.py:190} INFO - [2025-03-12T09:47:33.741+0000] {dagbag.py:588} INFO - Filling up the DagBag from /opt/airflow/dags/src/extract.py
[2025-03-12T09:47:33.915+0000] {processor.py:927} WARNING - No viable dags retrieved from /opt/airflow/dags/src/extract.py
[2025-03-12T09:47:33.923+0000] {processor.py:208} INFO - Processing /opt/airflow/dags/src/extract.py took 0.195 seconds
[2025-03-12T09:48:05.321+0000] {processor.py:186} INFO - Started process (PID=130) to work on /opt/airflow/dags/src/extract.py
[2025-03-12T09:48:05.323+0000] {processor.py:914} INFO - Processing file /opt/airflow/dags/src/extract.py for tasks to queue
[2025-03-12T09:48:05.327+0000] {logging_mixin.py:190} INFO - [2025-03-12T09:48:05.326+0000] {dagbag.py:588} INFO - Filling up the DagBag from /opt/airflow/dags/src/extract.py
[2025-03-12T09:48:05.505+0000] {processor.py:927} WARNING - No viable dags retrieved from /opt/airflow/dags/src/extract.py
[2025-03-12T09:48:05.518+0000] {processor.py:208} INFO - Processing /opt/airflow/dags/src/extract.py took 0.207 seconds
[2025-03-12T09:48:36.338+0000] {processor.py:186} INFO - Started process (PID=134) to work on /opt/airflow/dags/src/extract.py
[2025-03-12T09:48:36.354+0000] {processor.py:914} INFO - Processing file /opt/airflow/dags/src/extract.py for tasks to queue
[2025-03-12T09:48:36.362+0000] {logging_mixin.py:190} INFO - [2025-03-12T09:48:36.361+0000] {dagbag.py:588} INFO - Filling up the DagBag from /opt/airflow/dags/src/extract.py
[2025-03-12T09:48:36.564+0000] {processor.py:927} WARNING - No viable dags retrieved from /opt/airflow/dags/src/extract.py
[2025-03-12T09:48:36.574+0000] {processor.py:208} INFO - Processing /opt/airflow/dags/src/extract.py took 0.243 seconds
[2025-03-12T09:49:07.507+0000] {processor.py:186} INFO - Started process (PID=138) to work on /opt/airflow/dags/src/extract.py
[2025-03-12T09:49:07.508+0000] {processor.py:914} INFO - Processing file /opt/airflow/dags/src/extract.py for tasks to queue
[2025-03-12T09:49:07.510+0000] {logging_mixin.py:190} INFO - [2025-03-12T09:49:07.510+0000] {dagbag.py:588} INFO - Filling up the DagBag from /opt/airflow/dags/src/extract.py
[2025-03-12T09:49:07.786+0000] {processor.py:927} WARNING - No viable dags retrieved from /opt/airflow/dags/src/extract.py
[2025-03-12T09:49:07.796+0000] {processor.py:208} INFO - Processing /opt/airflow/dags/src/extract.py took 0.296 seconds
[2025-03-12T09:49:38.506+0000] {processor.py:186} INFO - Started process (PID=142) to work on /opt/airflow/dags/src/extract.py
[2025-03-12T09:49:38.508+0000] {processor.py:914} INFO - Processing file /opt/airflow/dags/src/extract.py for tasks to queue
[2025-03-12T09:49:38.511+0000] {logging_mixin.py:190} INFO - [2025-03-12T09:49:38.511+0000] {dagbag.py:588} INFO - Filling up the DagBag from /opt/airflow/dags/src/extract.py
[2025-03-12T09:49:38.676+0000] {processor.py:927} WARNING - No viable dags retrieved from /opt/airflow/dags/src/extract.py
[2025-03-12T09:49:38.683+0000] {processor.py:208} INFO - Processing /opt/airflow/dags/src/extract.py took 0.186 seconds
[2025-03-12T09:50:08.941+0000] {processor.py:186} INFO - Started process (PID=146) to work on /opt/airflow/dags/src/extract.py
[2025-03-12T09:50:08.943+0000] {processor.py:914} INFO - Processing file /opt/airflow/dags/src/extract.py for tasks to queue
[2025-03-12T09:50:08.945+0000] {logging_mixin.py:190} INFO - [2025-03-12T09:50:08.945+0000] {dagbag.py:588} INFO - Filling up the DagBag from /opt/airflow/dags/src/extract.py
[2025-03-12T09:50:09.114+0000] {processor.py:927} WARNING - No viable dags retrieved from /opt/airflow/dags/src/extract.py
[2025-03-12T09:50:09.122+0000] {processor.py:208} INFO - Processing /opt/airflow/dags/src/extract.py took 0.192 seconds
[2025-03-12T09:50:40.340+0000] {processor.py:186} INFO - Started process (PID=150) to work on /opt/airflow/dags/src/extract.py
[2025-03-12T09:50:40.341+0000] {processor.py:914} INFO - Processing file /opt/airflow/dags/src/extract.py for tasks to queue
[2025-03-12T09:50:40.343+0000] {logging_mixin.py:190} INFO - [2025-03-12T09:50:40.343+0000] {dagbag.py:588} INFO - Filling up the DagBag from /opt/airflow/dags/src/extract.py
[2025-03-12T09:50:40.510+0000] {processor.py:927} WARNING - No viable dags retrieved from /opt/airflow/dags/src/extract.py
[2025-03-12T09:50:40.517+0000] {processor.py:208} INFO - Processing /opt/airflow/dags/src/extract.py took 0.185 seconds
[2025-03-12T09:51:11.311+0000] {processor.py:186} INFO - Started process (PID=154) to work on /opt/airflow/dags/src/extract.py
[2025-03-12T09:51:11.313+0000] {processor.py:914} INFO - Processing file /opt/airflow/dags/src/extract.py for tasks to queue
[2025-03-12T09:51:11.317+0000] {logging_mixin.py:190} INFO - [2025-03-12T09:51:11.316+0000] {dagbag.py:588} INFO - Filling up the DagBag from /opt/airflow/dags/src/extract.py
[2025-03-12T09:51:11.493+0000] {processor.py:927} WARNING - No viable dags retrieved from /opt/airflow/dags/src/extract.py
[2025-03-12T09:51:11.500+0000] {processor.py:208} INFO - Processing /opt/airflow/dags/src/extract.py took 0.202 seconds
[2025-03-12T09:51:42.215+0000] {processor.py:186} INFO - Started process (PID=158) to work on /opt/airflow/dags/src/extract.py
[2025-03-12T09:51:42.218+0000] {processor.py:914} INFO - Processing file /opt/airflow/dags/src/extract.py for tasks to queue
[2025-03-12T09:51:42.221+0000] {logging_mixin.py:190} INFO - [2025-03-12T09:51:42.221+0000] {dagbag.py:588} INFO - Filling up the DagBag from /opt/airflow/dags/src/extract.py
[2025-03-12T09:51:42.375+0000] {processor.py:927} WARNING - No viable dags retrieved from /opt/airflow/dags/src/extract.py
[2025-03-12T09:51:42.383+0000] {processor.py:208} INFO - Processing /opt/airflow/dags/src/extract.py took 0.177 seconds
[2025-03-12T09:52:13.137+0000] {processor.py:186} INFO - Started process (PID=162) to work on /opt/airflow/dags/src/extract.py
[2025-03-12T09:52:13.138+0000] {processor.py:914} INFO - Processing file /opt/airflow/dags/src/extract.py for tasks to queue
[2025-03-12T09:52:13.140+0000] {logging_mixin.py:190} INFO - [2025-03-12T09:52:13.140+0000] {dagbag.py:588} INFO - Filling up the DagBag from /opt/airflow/dags/src/extract.py
[2025-03-12T09:52:13.312+0000] {processor.py:927} WARNING - No viable dags retrieved from /opt/airflow/dags/src/extract.py
[2025-03-12T09:52:13.321+0000] {processor.py:208} INFO - Processing /opt/airflow/dags/src/extract.py took 0.190 seconds
[2025-03-12T09:52:44.070+0000] {processor.py:186} INFO - Started process (PID=166) to work on /opt/airflow/dags/src/extract.py
[2025-03-12T09:52:44.072+0000] {processor.py:914} INFO - Processing file /opt/airflow/dags/src/extract.py for tasks to queue
[2025-03-12T09:52:44.076+0000] {logging_mixin.py:190} INFO - [2025-03-12T09:52:44.075+0000] {dagbag.py:588} INFO - Filling up the DagBag from /opt/airflow/dags/src/extract.py
[2025-03-12T09:52:44.359+0000] {processor.py:927} WARNING - No viable dags retrieved from /opt/airflow/dags/src/extract.py
[2025-03-12T09:52:44.372+0000] {processor.py:208} INFO - Processing /opt/airflow/dags/src/extract.py took 0.311 seconds
[2025-03-12T09:53:15.048+0000] {processor.py:186} INFO - Started process (PID=170) to work on /opt/airflow/dags/src/extract.py
[2025-03-12T09:53:15.050+0000] {processor.py:914} INFO - Processing file /opt/airflow/dags/src/extract.py for tasks to queue
[2025-03-12T09:53:15.053+0000] {logging_mixin.py:190} INFO - [2025-03-12T09:53:15.052+0000] {dagbag.py:588} INFO - Filling up the DagBag from /opt/airflow/dags/src/extract.py
[2025-03-12T09:53:15.510+0000] {processor.py:927} WARNING - No viable dags retrieved from /opt/airflow/dags/src/extract.py
[2025-03-12T09:53:15.518+0000] {processor.py:208} INFO - Processing /opt/airflow/dags/src/extract.py took 0.477 seconds
[2025-03-12T09:53:46.522+0000] {processor.py:186} INFO - Started process (PID=174) to work on /opt/airflow/dags/src/extract.py
[2025-03-12T09:53:46.525+0000] {processor.py:914} INFO - Processing file /opt/airflow/dags/src/extract.py for tasks to queue
[2025-03-12T09:53:46.529+0000] {logging_mixin.py:190} INFO - [2025-03-12T09:53:46.528+0000] {dagbag.py:588} INFO - Filling up the DagBag from /opt/airflow/dags/src/extract.py
[2025-03-12T09:53:47.095+0000] {processor.py:927} WARNING - No viable dags retrieved from /opt/airflow/dags/src/extract.py
[2025-03-12T09:53:47.106+0000] {processor.py:208} INFO - Processing /opt/airflow/dags/src/extract.py took 0.593 seconds
[2025-03-12T09:54:18.201+0000] {processor.py:186} INFO - Started process (PID=178) to work on /opt/airflow/dags/src/extract.py
[2025-03-12T09:54:18.203+0000] {processor.py:914} INFO - Processing file /opt/airflow/dags/src/extract.py for tasks to queue
[2025-03-12T09:54:18.207+0000] {logging_mixin.py:190} INFO - [2025-03-12T09:54:18.207+0000] {dagbag.py:588} INFO - Filling up the DagBag from /opt/airflow/dags/src/extract.py
[2025-03-12T09:54:18.844+0000] {processor.py:927} WARNING - No viable dags retrieved from /opt/airflow/dags/src/extract.py
[2025-03-12T09:54:18.858+0000] {processor.py:208} INFO - Processing /opt/airflow/dags/src/extract.py took 0.667 seconds
[2025-03-12T09:54:49.257+0000] {processor.py:186} INFO - Started process (PID=182) to work on /opt/airflow/dags/src/extract.py
[2025-03-12T09:54:49.259+0000] {processor.py:914} INFO - Processing file /opt/airflow/dags/src/extract.py for tasks to queue
[2025-03-12T09:54:49.262+0000] {logging_mixin.py:190} INFO - [2025-03-12T09:54:49.262+0000] {dagbag.py:588} INFO - Filling up the DagBag from /opt/airflow/dags/src/extract.py
[2025-03-12T09:54:49.556+0000] {processor.py:927} WARNING - No viable dags retrieved from /opt/airflow/dags/src/extract.py
[2025-03-12T09:54:49.572+0000] {processor.py:208} INFO - Processing /opt/airflow/dags/src/extract.py took 0.322 seconds
[2025-03-12T09:55:22.110+0000] {processor.py:186} INFO - Started process (PID=186) to work on /opt/airflow/dags/src/extract.py
[2025-03-12T09:55:22.114+0000] {processor.py:914} INFO - Processing file /opt/airflow/dags/src/extract.py for tasks to queue
[2025-03-12T09:55:22.119+0000] {logging_mixin.py:190} INFO - [2025-03-12T09:55:22.118+0000] {dagbag.py:588} INFO - Filling up the DagBag from /opt/airflow/dags/src/extract.py
[2025-03-12T09:55:22.479+0000] {processor.py:927} WARNING - No viable dags retrieved from /opt/airflow/dags/src/extract.py
[2025-03-12T09:55:22.495+0000] {processor.py:208} INFO - Processing /opt/airflow/dags/src/extract.py took 0.412 seconds
[2025-03-12T09:55:52.825+0000] {processor.py:186} INFO - Started process (PID=190) to work on /opt/airflow/dags/src/extract.py
[2025-03-12T09:55:52.827+0000] {processor.py:914} INFO - Processing file /opt/airflow/dags/src/extract.py for tasks to queue
[2025-03-12T09:55:52.830+0000] {logging_mixin.py:190} INFO - [2025-03-12T09:55:52.830+0000] {dagbag.py:588} INFO - Filling up the DagBag from /opt/airflow/dags/src/extract.py
[2025-03-12T09:55:53.135+0000] {processor.py:927} WARNING - No viable dags retrieved from /opt/airflow/dags/src/extract.py
[2025-03-12T09:55:53.143+0000] {processor.py:208} INFO - Processing /opt/airflow/dags/src/extract.py took 0.328 seconds
[2025-03-12T09:56:23.647+0000] {processor.py:186} INFO - Started process (PID=194) to work on /opt/airflow/dags/src/extract.py
[2025-03-12T09:56:23.649+0000] {processor.py:914} INFO - Processing file /opt/airflow/dags/src/extract.py for tasks to queue
[2025-03-12T09:56:23.652+0000] {logging_mixin.py:190} INFO - [2025-03-12T09:56:23.652+0000] {dagbag.py:588} INFO - Filling up the DagBag from /opt/airflow/dags/src/extract.py
[2025-03-12T09:56:23.936+0000] {processor.py:927} WARNING - No viable dags retrieved from /opt/airflow/dags/src/extract.py
[2025-03-12T09:56:23.943+0000] {processor.py:208} INFO - Processing /opt/airflow/dags/src/extract.py took 0.305 seconds
[2025-03-12T09:56:55.053+0000] {processor.py:186} INFO - Started process (PID=198) to work on /opt/airflow/dags/src/extract.py
[2025-03-12T09:56:55.055+0000] {processor.py:914} INFO - Processing file /opt/airflow/dags/src/extract.py for tasks to queue
[2025-03-12T09:56:55.059+0000] {logging_mixin.py:190} INFO - [2025-03-12T09:56:55.058+0000] {dagbag.py:588} INFO - Filling up the DagBag from /opt/airflow/dags/src/extract.py
[2025-03-12T09:56:55.401+0000] {processor.py:927} WARNING - No viable dags retrieved from /opt/airflow/dags/src/extract.py
[2025-03-12T09:56:55.416+0000] {processor.py:208} INFO - Processing /opt/airflow/dags/src/extract.py took 0.373 seconds
[2025-03-12T09:57:25.877+0000] {processor.py:186} INFO - Started process (PID=202) to work on /opt/airflow/dags/src/extract.py
[2025-03-12T09:57:25.880+0000] {processor.py:914} INFO - Processing file /opt/airflow/dags/src/extract.py for tasks to queue
[2025-03-12T09:57:25.886+0000] {logging_mixin.py:190} INFO - [2025-03-12T09:57:25.885+0000] {dagbag.py:588} INFO - Filling up the DagBag from /opt/airflow/dags/src/extract.py
[2025-03-12T09:57:26.199+0000] {processor.py:927} WARNING - No viable dags retrieved from /opt/airflow/dags/src/extract.py
[2025-03-12T09:57:26.206+0000] {processor.py:208} INFO - Processing /opt/airflow/dags/src/extract.py took 0.341 seconds
[2025-03-12T09:57:56.689+0000] {processor.py:186} INFO - Started process (PID=206) to work on /opt/airflow/dags/src/extract.py
[2025-03-12T09:57:56.690+0000] {processor.py:914} INFO - Processing file /opt/airflow/dags/src/extract.py for tasks to queue
[2025-03-12T09:57:56.692+0000] {logging_mixin.py:190} INFO - [2025-03-12T09:57:56.691+0000] {dagbag.py:588} INFO - Filling up the DagBag from /opt/airflow/dags/src/extract.py
[2025-03-12T09:57:56.969+0000] {processor.py:927} WARNING - No viable dags retrieved from /opt/airflow/dags/src/extract.py
[2025-03-12T09:57:56.974+0000] {processor.py:208} INFO - Processing /opt/airflow/dags/src/extract.py took 0.291 seconds
[2025-03-12T09:58:27.496+0000] {processor.py:186} INFO - Started process (PID=210) to work on /opt/airflow/dags/src/extract.py
[2025-03-12T09:58:27.498+0000] {processor.py:914} INFO - Processing file /opt/airflow/dags/src/extract.py for tasks to queue
[2025-03-12T09:58:27.500+0000] {logging_mixin.py:190} INFO - [2025-03-12T09:58:27.500+0000] {dagbag.py:588} INFO - Filling up the DagBag from /opt/airflow/dags/src/extract.py
[2025-03-12T09:58:27.661+0000] {processor.py:927} WARNING - No viable dags retrieved from /opt/airflow/dags/src/extract.py
[2025-03-12T09:58:27.669+0000] {processor.py:208} INFO - Processing /opt/airflow/dags/src/extract.py took 0.182 seconds
[2025-03-12T09:58:58.426+0000] {processor.py:186} INFO - Started process (PID=214) to work on /opt/airflow/dags/src/extract.py
[2025-03-12T09:58:58.427+0000] {processor.py:914} INFO - Processing file /opt/airflow/dags/src/extract.py for tasks to queue
[2025-03-12T09:58:58.429+0000] {logging_mixin.py:190} INFO - [2025-03-12T09:58:58.429+0000] {dagbag.py:588} INFO - Filling up the DagBag from /opt/airflow/dags/src/extract.py
[2025-03-12T09:58:58.603+0000] {processor.py:927} WARNING - No viable dags retrieved from /opt/airflow/dags/src/extract.py
[2025-03-12T09:58:58.611+0000] {processor.py:208} INFO - Processing /opt/airflow/dags/src/extract.py took 0.191 seconds
[2025-03-12T09:59:29.328+0000] {processor.py:186} INFO - Started process (PID=218) to work on /opt/airflow/dags/src/extract.py
[2025-03-12T09:59:29.330+0000] {processor.py:914} INFO - Processing file /opt/airflow/dags/src/extract.py for tasks to queue
[2025-03-12T09:59:29.333+0000] {logging_mixin.py:190} INFO - [2025-03-12T09:59:29.333+0000] {dagbag.py:588} INFO - Filling up the DagBag from /opt/airflow/dags/src/extract.py
[2025-03-12T09:59:29.700+0000] {processor.py:927} WARNING - No viable dags retrieved from /opt/airflow/dags/src/extract.py
[2025-03-12T09:59:29.709+0000] {processor.py:208} INFO - Processing /opt/airflow/dags/src/extract.py took 0.389 seconds
[2025-03-12T10:00:00.147+0000] {processor.py:186} INFO - Started process (PID=222) to work on /opt/airflow/dags/src/extract.py
[2025-03-12T10:00:00.148+0000] {processor.py:914} INFO - Processing file /opt/airflow/dags/src/extract.py for tasks to queue
[2025-03-12T10:00:00.151+0000] {logging_mixin.py:190} INFO - [2025-03-12T10:00:00.150+0000] {dagbag.py:588} INFO - Filling up the DagBag from /opt/airflow/dags/src/extract.py
[2025-03-12T10:00:00.483+0000] {processor.py:927} WARNING - No viable dags retrieved from /opt/airflow/dags/src/extract.py
[2025-03-12T10:00:00.503+0000] {processor.py:208} INFO - Processing /opt/airflow/dags/src/extract.py took 0.363 seconds
[2025-03-12T10:00:30.991+0000] {processor.py:186} INFO - Started process (PID=226) to work on /opt/airflow/dags/src/extract.py
[2025-03-12T10:00:30.992+0000] {processor.py:914} INFO - Processing file /opt/airflow/dags/src/extract.py for tasks to queue
[2025-03-12T10:00:30.994+0000] {logging_mixin.py:190} INFO - [2025-03-12T10:00:30.994+0000] {dagbag.py:588} INFO - Filling up the DagBag from /opt/airflow/dags/src/extract.py
[2025-03-12T10:00:31.333+0000] {processor.py:927} WARNING - No viable dags retrieved from /opt/airflow/dags/src/extract.py
[2025-03-12T10:00:31.340+0000] {processor.py:208} INFO - Processing /opt/airflow/dags/src/extract.py took 0.354 seconds
[2025-03-12T10:01:02.033+0000] {processor.py:186} INFO - Started process (PID=230) to work on /opt/airflow/dags/src/extract.py
[2025-03-12T10:01:02.035+0000] {processor.py:914} INFO - Processing file /opt/airflow/dags/src/extract.py for tasks to queue
[2025-03-12T10:01:02.039+0000] {logging_mixin.py:190} INFO - [2025-03-12T10:01:02.038+0000] {dagbag.py:588} INFO - Filling up the DagBag from /opt/airflow/dags/src/extract.py
[2025-03-12T10:01:02.460+0000] {processor.py:927} WARNING - No viable dags retrieved from /opt/airflow/dags/src/extract.py
[2025-03-12T10:01:02.476+0000] {processor.py:208} INFO - Processing /opt/airflow/dags/src/extract.py took 0.453 seconds
[2025-03-12T10:01:33.116+0000] {processor.py:186} INFO - Started process (PID=234) to work on /opt/airflow/dags/src/extract.py
[2025-03-12T10:01:33.118+0000] {processor.py:914} INFO - Processing file /opt/airflow/dags/src/extract.py for tasks to queue
[2025-03-12T10:01:33.120+0000] {logging_mixin.py:190} INFO - [2025-03-12T10:01:33.119+0000] {dagbag.py:588} INFO - Filling up the DagBag from /opt/airflow/dags/src/extract.py
[2025-03-12T10:01:33.456+0000] {processor.py:927} WARNING - No viable dags retrieved from /opt/airflow/dags/src/extract.py
[2025-03-12T10:01:33.462+0000] {processor.py:208} INFO - Processing /opt/airflow/dags/src/extract.py took 0.355 seconds
[2025-03-12T10:02:04.042+0000] {processor.py:186} INFO - Started process (PID=238) to work on /opt/airflow/dags/src/extract.py
[2025-03-12T10:02:04.044+0000] {processor.py:914} INFO - Processing file /opt/airflow/dags/src/extract.py for tasks to queue
[2025-03-12T10:02:04.046+0000] {logging_mixin.py:190} INFO - [2025-03-12T10:02:04.046+0000] {dagbag.py:588} INFO - Filling up the DagBag from /opt/airflow/dags/src/extract.py
[2025-03-12T10:02:04.210+0000] {processor.py:927} WARNING - No viable dags retrieved from /opt/airflow/dags/src/extract.py
[2025-03-12T10:02:04.225+0000] {processor.py:208} INFO - Processing /opt/airflow/dags/src/extract.py took 0.190 seconds
[2025-03-12T10:02:34.967+0000] {processor.py:186} INFO - Started process (PID=242) to work on /opt/airflow/dags/src/extract.py
[2025-03-12T10:02:34.968+0000] {processor.py:914} INFO - Processing file /opt/airflow/dags/src/extract.py for tasks to queue
[2025-03-12T10:02:34.970+0000] {logging_mixin.py:190} INFO - [2025-03-12T10:02:34.970+0000] {dagbag.py:588} INFO - Filling up the DagBag from /opt/airflow/dags/src/extract.py
[2025-03-12T10:02:35.297+0000] {processor.py:927} WARNING - No viable dags retrieved from /opt/airflow/dags/src/extract.py
[2025-03-12T10:02:35.304+0000] {processor.py:208} INFO - Processing /opt/airflow/dags/src/extract.py took 0.343 seconds
[2025-03-12T10:03:05.963+0000] {processor.py:186} INFO - Started process (PID=246) to work on /opt/airflow/dags/src/extract.py
[2025-03-12T10:03:05.965+0000] {processor.py:914} INFO - Processing file /opt/airflow/dags/src/extract.py for tasks to queue
[2025-03-12T10:03:05.972+0000] {logging_mixin.py:190} INFO - [2025-03-12T10:03:05.971+0000] {dagbag.py:588} INFO - Filling up the DagBag from /opt/airflow/dags/src/extract.py
[2025-03-12T10:03:06.345+0000] {processor.py:927} WARNING - No viable dags retrieved from /opt/airflow/dags/src/extract.py
[2025-03-12T10:03:06.358+0000] {processor.py:208} INFO - Processing /opt/airflow/dags/src/extract.py took 0.407 seconds
[2025-03-12T10:03:36.967+0000] {processor.py:186} INFO - Started process (PID=250) to work on /opt/airflow/dags/src/extract.py
[2025-03-12T10:03:36.969+0000] {processor.py:914} INFO - Processing file /opt/airflow/dags/src/extract.py for tasks to queue
[2025-03-12T10:03:36.971+0000] {logging_mixin.py:190} INFO - [2025-03-12T10:03:36.971+0000] {dagbag.py:588} INFO - Filling up the DagBag from /opt/airflow/dags/src/extract.py
[2025-03-12T10:03:37.267+0000] {processor.py:927} WARNING - No viable dags retrieved from /opt/airflow/dags/src/extract.py
[2025-03-12T10:03:37.273+0000] {processor.py:208} INFO - Processing /opt/airflow/dags/src/extract.py took 0.315 seconds
[2025-03-12T10:04:07.872+0000] {processor.py:186} INFO - Started process (PID=254) to work on /opt/airflow/dags/src/extract.py
[2025-03-12T10:04:07.873+0000] {processor.py:914} INFO - Processing file /opt/airflow/dags/src/extract.py for tasks to queue
[2025-03-12T10:04:07.875+0000] {logging_mixin.py:190} INFO - [2025-03-12T10:04:07.875+0000] {dagbag.py:588} INFO - Filling up the DagBag from /opt/airflow/dags/src/extract.py
[2025-03-12T10:04:08.217+0000] {processor.py:927} WARNING - No viable dags retrieved from /opt/airflow/dags/src/extract.py
[2025-03-12T10:04:08.223+0000] {processor.py:208} INFO - Processing /opt/airflow/dags/src/extract.py took 0.357 seconds
[2025-03-12T10:04:38.812+0000] {processor.py:186} INFO - Started process (PID=258) to work on /opt/airflow/dags/src/extract.py
[2025-03-12T10:04:38.814+0000] {processor.py:914} INFO - Processing file /opt/airflow/dags/src/extract.py for tasks to queue
[2025-03-12T10:04:38.817+0000] {logging_mixin.py:190} INFO - [2025-03-12T10:04:38.817+0000] {dagbag.py:588} INFO - Filling up the DagBag from /opt/airflow/dags/src/extract.py
[2025-03-12T10:04:39.129+0000] {processor.py:927} WARNING - No viable dags retrieved from /opt/airflow/dags/src/extract.py
[2025-03-12T10:04:39.136+0000] {processor.py:208} INFO - Processing /opt/airflow/dags/src/extract.py took 0.330 seconds
[2025-03-12T10:05:09.665+0000] {processor.py:186} INFO - Started process (PID=262) to work on /opt/airflow/dags/src/extract.py
[2025-03-12T10:05:09.667+0000] {processor.py:914} INFO - Processing file /opt/airflow/dags/src/extract.py for tasks to queue
[2025-03-12T10:05:09.674+0000] {logging_mixin.py:190} INFO - [2025-03-12T10:05:09.673+0000] {dagbag.py:588} INFO - Filling up the DagBag from /opt/airflow/dags/src/extract.py
[2025-03-12T10:05:09.897+0000] {processor.py:927} WARNING - No viable dags retrieved from /opt/airflow/dags/src/extract.py
[2025-03-12T10:05:09.905+0000] {processor.py:208} INFO - Processing /opt/airflow/dags/src/extract.py took 0.255 seconds
[2025-03-12T10:05:40.393+0000] {processor.py:186} INFO - Started process (PID=266) to work on /opt/airflow/dags/src/extract.py
[2025-03-12T10:05:40.397+0000] {processor.py:914} INFO - Processing file /opt/airflow/dags/src/extract.py for tasks to queue
[2025-03-12T10:05:40.400+0000] {logging_mixin.py:190} INFO - [2025-03-12T10:05:40.399+0000] {dagbag.py:588} INFO - Filling up the DagBag from /opt/airflow/dags/src/extract.py
[2025-03-12T10:05:40.764+0000] {processor.py:927} WARNING - No viable dags retrieved from /opt/airflow/dags/src/extract.py
[2025-03-12T10:05:40.777+0000] {processor.py:208} INFO - Processing /opt/airflow/dags/src/extract.py took 0.389 seconds
[2025-03-12T10:06:11.579+0000] {processor.py:186} INFO - Started process (PID=270) to work on /opt/airflow/dags/src/extract.py
[2025-03-12T10:06:11.582+0000] {processor.py:914} INFO - Processing file /opt/airflow/dags/src/extract.py for tasks to queue
[2025-03-12T10:06:11.586+0000] {logging_mixin.py:190} INFO - [2025-03-12T10:06:11.585+0000] {dagbag.py:588} INFO - Filling up the DagBag from /opt/airflow/dags/src/extract.py
[2025-03-12T10:06:12.137+0000] {processor.py:927} WARNING - No viable dags retrieved from /opt/airflow/dags/src/extract.py
[2025-03-12T10:06:12.149+0000] {processor.py:208} INFO - Processing /opt/airflow/dags/src/extract.py took 0.581 seconds
[2025-03-12T10:06:42.447+0000] {processor.py:186} INFO - Started process (PID=274) to work on /opt/airflow/dags/src/extract.py
[2025-03-12T10:06:42.448+0000] {processor.py:914} INFO - Processing file /opt/airflow/dags/src/extract.py for tasks to queue
[2025-03-12T10:06:42.451+0000] {logging_mixin.py:190} INFO - [2025-03-12T10:06:42.451+0000] {dagbag.py:588} INFO - Filling up the DagBag from /opt/airflow/dags/src/extract.py
[2025-03-12T10:06:42.739+0000] {processor.py:927} WARNING - No viable dags retrieved from /opt/airflow/dags/src/extract.py
[2025-03-12T10:06:42.745+0000] {processor.py:208} INFO - Processing /opt/airflow/dags/src/extract.py took 0.306 seconds
[2025-03-12T10:07:13.565+0000] {processor.py:186} INFO - Started process (PID=278) to work on /opt/airflow/dags/src/extract.py
[2025-03-12T10:07:13.567+0000] {processor.py:914} INFO - Processing file /opt/airflow/dags/src/extract.py for tasks to queue
[2025-03-12T10:07:13.570+0000] {logging_mixin.py:190} INFO - [2025-03-12T10:07:13.570+0000] {dagbag.py:588} INFO - Filling up the DagBag from /opt/airflow/dags/src/extract.py
[2025-03-12T10:07:13.950+0000] {processor.py:927} WARNING - No viable dags retrieved from /opt/airflow/dags/src/extract.py
[2025-03-12T10:07:13.956+0000] {processor.py:208} INFO - Processing /opt/airflow/dags/src/extract.py took 0.396 seconds
[2025-03-12T10:07:44.693+0000] {processor.py:186} INFO - Started process (PID=282) to work on /opt/airflow/dags/src/extract.py
[2025-03-12T10:07:44.695+0000] {processor.py:914} INFO - Processing file /opt/airflow/dags/src/extract.py for tasks to queue
[2025-03-12T10:07:44.699+0000] {logging_mixin.py:190} INFO - [2025-03-12T10:07:44.698+0000] {dagbag.py:588} INFO - Filling up the DagBag from /opt/airflow/dags/src/extract.py
[2025-03-12T10:07:45.007+0000] {processor.py:927} WARNING - No viable dags retrieved from /opt/airflow/dags/src/extract.py
[2025-03-12T10:07:45.012+0000] {processor.py:208} INFO - Processing /opt/airflow/dags/src/extract.py took 0.330 seconds
[2025-03-12T10:08:16.040+0000] {processor.py:186} INFO - Started process (PID=286) to work on /opt/airflow/dags/src/extract.py
[2025-03-12T10:08:16.042+0000] {processor.py:914} INFO - Processing file /opt/airflow/dags/src/extract.py for tasks to queue
[2025-03-12T10:08:16.044+0000] {logging_mixin.py:190} INFO - [2025-03-12T10:08:16.044+0000] {dagbag.py:588} INFO - Filling up the DagBag from /opt/airflow/dags/src/extract.py
[2025-03-12T10:08:16.256+0000] {processor.py:927} WARNING - No viable dags retrieved from /opt/airflow/dags/src/extract.py
[2025-03-12T10:08:16.268+0000] {processor.py:208} INFO - Processing /opt/airflow/dags/src/extract.py took 0.236 seconds
[2025-03-12T10:08:46.976+0000] {processor.py:186} INFO - Started process (PID=290) to work on /opt/airflow/dags/src/extract.py
[2025-03-12T10:08:46.977+0000] {processor.py:914} INFO - Processing file /opt/airflow/dags/src/extract.py for tasks to queue
[2025-03-12T10:08:46.979+0000] {logging_mixin.py:190} INFO - [2025-03-12T10:08:46.979+0000] {dagbag.py:588} INFO - Filling up the DagBag from /opt/airflow/dags/src/extract.py
[2025-03-12T10:08:47.320+0000] {processor.py:927} WARNING - No viable dags retrieved from /opt/airflow/dags/src/extract.py
[2025-03-12T10:08:47.333+0000] {processor.py:208} INFO - Processing /opt/airflow/dags/src/extract.py took 0.364 seconds
[2025-03-12T10:09:18.232+0000] {processor.py:186} INFO - Started process (PID=294) to work on /opt/airflow/dags/src/extract.py
[2025-03-12T10:09:18.236+0000] {processor.py:914} INFO - Processing file /opt/airflow/dags/src/extract.py for tasks to queue
[2025-03-12T10:09:18.239+0000] {logging_mixin.py:190} INFO - [2025-03-12T10:09:18.238+0000] {dagbag.py:588} INFO - Filling up the DagBag from /opt/airflow/dags/src/extract.py
[2025-03-12T10:09:18.623+0000] {processor.py:927} WARNING - No viable dags retrieved from /opt/airflow/dags/src/extract.py
[2025-03-12T10:09:18.632+0000] {processor.py:208} INFO - Processing /opt/airflow/dags/src/extract.py took 0.409 seconds
[2025-03-12T10:09:49.172+0000] {processor.py:186} INFO - Started process (PID=298) to work on /opt/airflow/dags/src/extract.py
[2025-03-12T10:09:49.174+0000] {processor.py:914} INFO - Processing file /opt/airflow/dags/src/extract.py for tasks to queue
[2025-03-12T10:09:49.176+0000] {logging_mixin.py:190} INFO - [2025-03-12T10:09:49.176+0000] {dagbag.py:588} INFO - Filling up the DagBag from /opt/airflow/dags/src/extract.py
[2025-03-12T10:09:49.475+0000] {processor.py:927} WARNING - No viable dags retrieved from /opt/airflow/dags/src/extract.py
[2025-03-12T10:09:49.481+0000] {processor.py:208} INFO - Processing /opt/airflow/dags/src/extract.py took 0.318 seconds
[2025-03-12T10:10:20.407+0000] {processor.py:186} INFO - Started process (PID=302) to work on /opt/airflow/dags/src/extract.py
[2025-03-12T10:10:20.409+0000] {processor.py:914} INFO - Processing file /opt/airflow/dags/src/extract.py for tasks to queue
[2025-03-12T10:10:20.412+0000] {logging_mixin.py:190} INFO - [2025-03-12T10:10:20.411+0000] {dagbag.py:588} INFO - Filling up the DagBag from /opt/airflow/dags/src/extract.py
[2025-03-12T10:10:20.781+0000] {processor.py:927} WARNING - No viable dags retrieved from /opt/airflow/dags/src/extract.py
[2025-03-12T10:10:20.788+0000] {processor.py:208} INFO - Processing /opt/airflow/dags/src/extract.py took 0.387 seconds
[2025-03-12T10:10:52.092+0000] {processor.py:186} INFO - Started process (PID=306) to work on /opt/airflow/dags/src/extract.py
[2025-03-12T10:10:52.106+0000] {processor.py:914} INFO - Processing file /opt/airflow/dags/src/extract.py for tasks to queue
[2025-03-12T10:10:52.110+0000] {logging_mixin.py:190} INFO - [2025-03-12T10:10:52.110+0000] {dagbag.py:588} INFO - Filling up the DagBag from /opt/airflow/dags/src/extract.py
[2025-03-12T10:10:52.636+0000] {processor.py:927} WARNING - No viable dags retrieved from /opt/airflow/dags/src/extract.py
[2025-03-12T10:10:52.647+0000] {processor.py:208} INFO - Processing /opt/airflow/dags/src/extract.py took 0.562 seconds
[2025-03-12T10:11:23.238+0000] {processor.py:186} INFO - Started process (PID=310) to work on /opt/airflow/dags/src/extract.py
[2025-03-12T10:11:23.240+0000] {processor.py:914} INFO - Processing file /opt/airflow/dags/src/extract.py for tasks to queue
[2025-03-12T10:11:23.242+0000] {logging_mixin.py:190} INFO - [2025-03-12T10:11:23.242+0000] {dagbag.py:588} INFO - Filling up the DagBag from /opt/airflow/dags/src/extract.py
[2025-03-12T10:11:23.469+0000] {processor.py:927} WARNING - No viable dags retrieved from /opt/airflow/dags/src/extract.py
[2025-03-12T10:11:23.480+0000] {processor.py:208} INFO - Processing /opt/airflow/dags/src/extract.py took 0.248 seconds
[2025-03-12T10:11:54.391+0000] {processor.py:186} INFO - Started process (PID=314) to work on /opt/airflow/dags/src/extract.py
[2025-03-12T10:11:54.393+0000] {processor.py:914} INFO - Processing file /opt/airflow/dags/src/extract.py for tasks to queue
[2025-03-12T10:11:54.397+0000] {logging_mixin.py:190} INFO - [2025-03-12T10:11:54.396+0000] {dagbag.py:588} INFO - Filling up the DagBag from /opt/airflow/dags/src/extract.py
[2025-03-12T10:11:54.772+0000] {processor.py:927} WARNING - No viable dags retrieved from /opt/airflow/dags/src/extract.py
[2025-03-12T10:11:54.788+0000] {processor.py:208} INFO - Processing /opt/airflow/dags/src/extract.py took 0.407 seconds
[2025-03-12T10:12:25.197+0000] {processor.py:186} INFO - Started process (PID=318) to work on /opt/airflow/dags/src/extract.py
[2025-03-12T10:12:25.198+0000] {processor.py:914} INFO - Processing file /opt/airflow/dags/src/extract.py for tasks to queue
[2025-03-12T10:12:25.201+0000] {logging_mixin.py:190} INFO - [2025-03-12T10:12:25.201+0000] {dagbag.py:588} INFO - Filling up the DagBag from /opt/airflow/dags/src/extract.py
[2025-03-12T10:12:25.485+0000] {processor.py:927} WARNING - No viable dags retrieved from /opt/airflow/dags/src/extract.py
[2025-03-12T10:12:25.497+0000] {processor.py:208} INFO - Processing /opt/airflow/dags/src/extract.py took 0.311 seconds
[2025-03-12T10:12:56.438+0000] {processor.py:186} INFO - Started process (PID=322) to work on /opt/airflow/dags/src/extract.py
[2025-03-12T10:12:56.439+0000] {processor.py:914} INFO - Processing file /opt/airflow/dags/src/extract.py for tasks to queue
[2025-03-12T10:12:56.441+0000] {logging_mixin.py:190} INFO - [2025-03-12T10:12:56.441+0000] {dagbag.py:588} INFO - Filling up the DagBag from /opt/airflow/dags/src/extract.py
[2025-03-12T10:12:56.767+0000] {processor.py:927} WARNING - No viable dags retrieved from /opt/airflow/dags/src/extract.py
[2025-03-12T10:12:56.774+0000] {processor.py:208} INFO - Processing /opt/airflow/dags/src/extract.py took 0.342 seconds
[2025-03-12T10:13:27.105+0000] {processor.py:186} INFO - Started process (PID=326) to work on /opt/airflow/dags/src/extract.py
[2025-03-12T10:13:27.106+0000] {processor.py:914} INFO - Processing file /opt/airflow/dags/src/extract.py for tasks to queue
[2025-03-12T10:13:27.109+0000] {logging_mixin.py:190} INFO - [2025-03-12T10:13:27.108+0000] {dagbag.py:588} INFO - Filling up the DagBag from /opt/airflow/dags/src/extract.py
[2025-03-12T10:13:27.438+0000] {processor.py:927} WARNING - No viable dags retrieved from /opt/airflow/dags/src/extract.py
[2025-03-12T10:13:27.444+0000] {processor.py:208} INFO - Processing /opt/airflow/dags/src/extract.py took 0.343 seconds
[2025-03-12T10:13:58.034+0000] {processor.py:186} INFO - Started process (PID=330) to work on /opt/airflow/dags/src/extract.py
[2025-03-12T10:13:58.035+0000] {processor.py:914} INFO - Processing file /opt/airflow/dags/src/extract.py for tasks to queue
[2025-03-12T10:13:58.038+0000] {logging_mixin.py:190} INFO - [2025-03-12T10:13:58.038+0000] {dagbag.py:588} INFO - Filling up the DagBag from /opt/airflow/dags/src/extract.py
